[3.551s] Invoking command in '/home/rubiores/Documents/PAE/build/robot_nav': PYTHONPATH=/home/rubiores/Documents/PAE/build/robot_nav/prefix_override:/usr/lib/python3/dist-packages/colcon_core/task/python/colcon_distutils_commands:/home/rubiores/Documents/PAE/install/robot_nav/lib/python3.10/site-packages:${PYTHONPATH} /usr/bin/python3 -W ignore:setup.py install is deprecated -W ignore:easy_install command is deprecated setup.py develop --editable --build-directory /home/rubiores/Documents/PAE/build/robot_nav/build --no-deps symlink_data
[4.982s] running develop
[6.088s] running egg_info
[6.089s] writing robot_nav.egg-info/PKG-INFO
[6.090s] writing dependency_links to robot_nav.egg-info/dependency_links.txt
[6.091s] writing entry points to robot_nav.egg-info/entry_points.txt
[6.092s] writing requirements to robot_nav.egg-info/requires.txt
[6.093s] writing top-level names to robot_nav.egg-info/top_level.txt
[6.102s] reading manifest file 'robot_nav.egg-info/SOURCES.txt'
[6.107s] writing manifest file 'robot_nav.egg-info/SOURCES.txt'
[6.113s] running build_ext
[6.113s] Creating /home/rubiores/Documents/PAE/install/robot_nav/lib/python3.10/site-packages/robot-nav.egg-link (link to .)
[6.117s] Installing lidar_node script to /home/rubiores/Documents/PAE/install/robot_nav/lib/robot_nav
[6.118s] Installing motor_controller script to /home/rubiores/Documents/PAE/install/robot_nav/lib/robot_nav
[6.119s] Installing pico_bridge script to /home/rubiores/Documents/PAE/install/robot_nav/lib/robot_nav
[6.120s] Installing pico_odom_node script to /home/rubiores/Documents/PAE/install/robot_nav/lib/robot_nav
[6.121s] Installing teleop_keyboard script to /home/rubiores/Documents/PAE/install/robot_nav/lib/robot_nav
[6.122s] 
[6.123s] Installed /home/rubiores/Documents/PAE/build/robot_nav
[6.123s] running symlink_data
[6.288s] Invoked command in '/home/rubiores/Documents/PAE/build/robot_nav' returned '0': PYTHONPATH=/home/rubiores/Documents/PAE/build/robot_nav/prefix_override:/usr/lib/python3/dist-packages/colcon_core/task/python/colcon_distutils_commands:/home/rubiores/Documents/PAE/install/robot_nav/lib/python3.10/site-packages:${PYTHONPATH} /usr/bin/python3 -W ignore:setup.py install is deprecated -W ignore:easy_install command is deprecated setup.py develop --editable --build-directory /home/rubiores/Documents/PAE/build/robot_nav/build --no-deps symlink_data
