[3.967s] Invoking command in '/home/rubiores/Documents/PAE/build/robot_nav': PYTHONPATH=/home/rubiores/Documents/PAE/build/robot_nav/prefix_override:/usr/lib/python3/dist-packages/colcon_core/task/python/colcon_distutils_commands:/home/rubiores/Documents/PAE/install/robot_nav/lib/python3.10/site-packages:${PYTHONPATH} /usr/bin/python3 -W ignore:setup.py install is deprecated -W ignore:easy_install command is deprecated setup.py develop --editable --build-directory /home/rubiores/Documents/PAE/build/robot_nav/build --no-deps symlink_data
[5.408s] running develop
[6.524s] running egg_info
[6.525s] writing robot_nav.egg-info/PKG-INFO
[6.526s] writing dependency_links to robot_nav.egg-info/dependency_links.txt
[6.527s] writing entry points to robot_nav.egg-info/entry_points.txt
[6.528s] writing requirements to robot_nav.egg-info/requires.txt
[6.529s] writing top-level names to robot_nav.egg-info/top_level.txt
[6.538s] reading manifest file 'robot_nav.egg-info/SOURCES.txt'
[6.544s] writing manifest file 'robot_nav.egg-info/SOURCES.txt'
[6.562s] running build_ext
[6.563s] Creating /home/rubiores/Documents/PAE/install/robot_nav/lib/python3.10/site-packages/robot-nav.egg-link (link to .)
[6.563s] Installing lidar_node script to /home/rubiores/Documents/PAE/install/robot_nav/lib/robot_nav
[6.564s] Installing motor_controller script to /home/rubiores/Documents/PAE/install/robot_nav/lib/robot_nav
[6.564s] Installing pico_bridge script to /home/rubiores/Documents/PAE/install/robot_nav/lib/robot_nav
[6.565s] Installing pico_odom_node script to /home/rubiores/Documents/PAE/install/robot_nav/lib/robot_nav
[6.565s] Installing teleop_keyboard script to /home/rubiores/Documents/PAE/install/robot_nav/lib/robot_nav
[6.566s] 
[6.566s] Installed /home/rubiores/Documents/PAE/build/robot_nav
[6.567s] running symlink_data
[6.719s] Invoked command in '/home/rubiores/Documents/PAE/build/robot_nav' returned '0': PYTHONPATH=/home/rubiores/Documents/PAE/build/robot_nav/prefix_override:/usr/lib/python3/dist-packages/colcon_core/task/python/colcon_distutils_commands:/home/rubiores/Documents/PAE/install/robot_nav/lib/python3.10/site-packages:${PYTHONPATH} /usr/bin/python3 -W ignore:setup.py install is deprecated -W ignore:easy_install command is deprecated setup.py develop --editable --build-directory /home/rubiores/Documents/PAE/build/robot_nav/build --no-deps symlink_data
