[0.560s] DEBUG:colcon:Command line arguments: ['/usr/bin/colcon', 'build', '--packages-select', 'robot_nav', '--symlink-install']
[0.560s] DEBUG:colcon:Parsed command line arguments: Namespace(log_base=None, log_level=None, verb_name='build', build_base='build', install_base='install', merge_install=False, symlink_install=True, test_result_base=None, continue_on_error=False, executor='parallel', parallel_workers=4, event_handlers=None, ignore_user_meta=False, metas=['./colcon.meta'], base_paths=['.'], packages_ignore=None, packages_ignore_regex=None, paths=None, packages_up_to=None, packages_up_to_regex=None, packages_above=None, packages_above_and_dependencies=None, packages_above_depth=None, packages_select_by_dep=None, packages_skip_by_dep=None, packages_skip_up_to=None, packages_select_build_failed=False, packages_skip_build_finished=False, packages_select_test_failures=False, packages_skip_test_passed=False, packages_select=['robot_nav'], packages_skip=None, packages_select_regex=None, packages_skip_regex=None, packages_start=None, packages_end=None, allow_overriding=[], cmake_args=None, cmake_target=None, cmake_target_skip_unavailable=False, cmake_clean_cache=False, cmake_clean_first=False, cmake_force_configure=False, ament_cmake_args=None, catkin_cmake_args=None, catkin_skip_building_tests=False, mixin_files=None, mixin=None, verb_parser=<colcon_mixin.mixin.mixin_argument.MixinArgumentDecorator object at 0xffffa30b6620>, verb_extension=<colcon_core.verb.build.BuildVerb object at 0xffffa3263520>, main=<bound method BuildVerb.main of <colcon_core.verb.build.BuildVerb object at 0xffffa3263520>>, mixin_verb=('build',))
[1.877s] Level 1:colcon.colcon_core.package_discovery:discover_packages(colcon_meta) check parameters
[1.877s] Level 1:colcon.colcon_core.package_discovery:discover_packages(recursive) check parameters
[1.877s] Level 1:colcon.colcon_core.package_discovery:discover_packages(ignore) check parameters
[1.878s] Level 1:colcon.colcon_core.package_discovery:discover_packages(path) check parameters
[1.878s] Level 1:colcon.colcon_core.package_discovery:discover_packages(colcon_meta) discover
[1.878s] Level 1:colcon.colcon_core.package_discovery:discover_packages(recursive) discover
[1.878s] INFO:colcon.colcon_core.package_discovery:Crawling recursively for packages in '/home/rubiores/Documents/PAE'
[1.879s] Level 1:colcon.colcon_core.package_identification:_identify(.) by extensions ['ignore', 'ignore_ament_install']
[1.879s] Level 1:colcon.colcon_core.package_identification:_identify(.) by extension 'ignore'
[1.879s] Level 1:colcon.colcon_core.package_identification:_identify(.) by extension 'ignore_ament_install'
[1.880s] Level 1:colcon.colcon_core.package_identification:_identify(.) by extensions ['colcon_pkg']
[1.880s] Level 1:colcon.colcon_core.package_identification:_identify(.) by extension 'colcon_pkg'
[1.880s] Level 1:colcon.colcon_core.package_identification:_identify(.) by extensions ['colcon_meta']
[1.880s] Level 1:colcon.colcon_core.package_identification:_identify(.) by extension 'colcon_meta'
[1.880s] Level 1:colcon.colcon_core.package_identification:_identify(.) by extensions ['ros']
[1.880s] Level 1:colcon.colcon_core.package_identification:_identify(.) by extension 'ros'
[1.969s] Level 1:colcon.colcon_core.package_identification:_identify(.) by extensions ['cmake', 'python']
[1.970s] Level 1:colcon.colcon_core.package_identification:_identify(.) by extension 'cmake'
[1.970s] Level 1:colcon.colcon_core.package_identification:_identify(.) by extension 'python'
[1.970s] Level 1:colcon.colcon_core.package_identification:_identify(.) by extensions ['python_setup_py']
[1.970s] Level 1:colcon.colcon_core.package_identification:_identify(.) by extension 'python_setup_py'
[1.971s] Level 1:colcon.colcon_core.package_identification:_identify(build) by extensions ['ignore', 'ignore_ament_install']
[1.971s] Level 1:colcon.colcon_core.package_identification:_identify(build) by extension 'ignore'
[1.971s] Level 1:colcon.colcon_core.package_identification:_identify(build) ignored
[1.972s] Level 1:colcon.colcon_core.package_identification:_identify(install) by extensions ['ignore', 'ignore_ament_install']
[1.972s] Level 1:colcon.colcon_core.package_identification:_identify(install) by extension 'ignore'
[1.972s] Level 1:colcon.colcon_core.package_identification:_identify(install) ignored
[1.973s] Level 1:colcon.colcon_core.package_identification:_identify(log) by extensions ['ignore', 'ignore_ament_install']
[1.974s] Level 1:colcon.colcon_core.package_identification:_identify(log) by extension 'ignore'
[1.974s] Level 1:colcon.colcon_core.package_identification:_identify(log) ignored
[1.975s] Level 1:colcon.colcon_core.package_identification:_identify(src) by extensions ['ignore', 'ignore_ament_install']
[1.976s] Level 1:colcon.colcon_core.package_identification:_identify(src) by extension 'ignore'
[1.976s] Level 1:colcon.colcon_core.package_identification:_identify(src) by extension 'ignore_ament_install'
[1.976s] Level 1:colcon.colcon_core.package_identification:_identify(src) by extensions ['colcon_pkg']
[1.977s] Level 1:colcon.colcon_core.package_identification:_identify(src) by extension 'colcon_pkg'
[1.977s] Level 1:colcon.colcon_core.package_identification:_identify(src) by extensions ['colcon_meta']
[1.977s] Level 1:colcon.colcon_core.package_identification:_identify(src) by extension 'colcon_meta'
[1.977s] Level 1:colcon.colcon_core.package_identification:_identify(src) by extensions ['ros']
[1.977s] Level 1:colcon.colcon_core.package_identification:_identify(src) by extension 'ros'
[1.978s] Level 1:colcon.colcon_core.package_identification:_identify(src) by extensions ['cmake', 'python']
[1.978s] Level 1:colcon.colcon_core.package_identification:_identify(src) by extension 'cmake'
[1.978s] Level 1:colcon.colcon_core.package_identification:_identify(src) by extension 'python'
[1.978s] Level 1:colcon.colcon_core.package_identification:_identify(src) by extensions ['python_setup_py']
[1.978s] Level 1:colcon.colcon_core.package_identification:_identify(src) by extension 'python_setup_py'
[1.979s] Level 1:colcon.colcon_core.package_identification:_identify(src/joint_state_publisher) by extensions ['ignore', 'ignore_ament_install']
[1.979s] Level 1:colcon.colcon_core.package_identification:_identify(src/joint_state_publisher) by extension 'ignore'
[1.979s] Level 1:colcon.colcon_core.package_identification:_identify(src/joint_state_publisher) by extension 'ignore_ament_install'
[1.979s] Level 1:colcon.colcon_core.package_identification:_identify(src/joint_state_publisher) by extensions ['colcon_pkg']
[1.980s] Level 1:colcon.colcon_core.package_identification:_identify(src/joint_state_publisher) by extension 'colcon_pkg'
[1.980s] Level 1:colcon.colcon_core.package_identification:_identify(src/joint_state_publisher) by extensions ['colcon_meta']
[1.980s] Level 1:colcon.colcon_core.package_identification:_identify(src/joint_state_publisher) by extension 'colcon_meta'
[1.980s] Level 1:colcon.colcon_core.package_identification:_identify(src/joint_state_publisher) by extensions ['ros']
[1.980s] Level 1:colcon.colcon_core.package_identification:_identify(src/joint_state_publisher) by extension 'ros'
[1.981s] Level 1:colcon.colcon_core.package_identification:_identify(src/joint_state_publisher) by extensions ['cmake', 'python']
[1.981s] Level 1:colcon.colcon_core.package_identification:_identify(src/joint_state_publisher) by extension 'cmake'
[1.981s] Level 1:colcon.colcon_core.package_identification:_identify(src/joint_state_publisher) by extension 'python'
[1.981s] Level 1:colcon.colcon_core.package_identification:_identify(src/joint_state_publisher) by extensions ['python_setup_py']
[1.981s] Level 1:colcon.colcon_core.package_identification:_identify(src/joint_state_publisher) by extension 'python_setup_py'
[1.982s] Level 1:colcon.colcon_core.package_identification:_identify(src/joint_state_publisher/joint_state_publisher) by extensions ['ignore', 'ignore_ament_install']
[1.982s] Level 1:colcon.colcon_core.package_identification:_identify(src/joint_state_publisher/joint_state_publisher) by extension 'ignore'
[1.982s] Level 1:colcon.colcon_core.package_identification:_identify(src/joint_state_publisher/joint_state_publisher) by extension 'ignore_ament_install'
[1.983s] Level 1:colcon.colcon_core.package_identification:_identify(src/joint_state_publisher/joint_state_publisher) by extensions ['colcon_pkg']
[1.983s] Level 1:colcon.colcon_core.package_identification:_identify(src/joint_state_publisher/joint_state_publisher) by extension 'colcon_pkg'
[1.983s] Level 1:colcon.colcon_core.package_identification:_identify(src/joint_state_publisher/joint_state_publisher) by extensions ['colcon_meta']
[1.983s] Level 1:colcon.colcon_core.package_identification:_identify(src/joint_state_publisher/joint_state_publisher) by extension 'colcon_meta'
[1.984s] Level 1:colcon.colcon_core.package_identification:_identify(src/joint_state_publisher/joint_state_publisher) by extensions ['ros']
[1.984s] Level 1:colcon.colcon_core.package_identification:_identify(src/joint_state_publisher/joint_state_publisher) by extension 'ros'
[1.995s] DEBUG:colcon.colcon_core.package_identification:Package 'src/joint_state_publisher/joint_state_publisher' with type 'ros.ament_python' and name 'joint_state_publisher'
[1.996s] Level 1:colcon.colcon_core.package_identification:_identify(src/joint_state_publisher/joint_state_publisher_gui) by extensions ['ignore', 'ignore_ament_install']
[1.996s] Level 1:colcon.colcon_core.package_identification:_identify(src/joint_state_publisher/joint_state_publisher_gui) by extension 'ignore'
[1.997s] Level 1:colcon.colcon_core.package_identification:_identify(src/joint_state_publisher/joint_state_publisher_gui) by extension 'ignore_ament_install'
[1.997s] Level 1:colcon.colcon_core.package_identification:_identify(src/joint_state_publisher/joint_state_publisher_gui) by extensions ['colcon_pkg']
[1.997s] Level 1:colcon.colcon_core.package_identification:_identify(src/joint_state_publisher/joint_state_publisher_gui) by extension 'colcon_pkg'
[1.997s] Level 1:colcon.colcon_core.package_identification:_identify(src/joint_state_publisher/joint_state_publisher_gui) by extensions ['colcon_meta']
[1.998s] Level 1:colcon.colcon_core.package_identification:_identify(src/joint_state_publisher/joint_state_publisher_gui) by extension 'colcon_meta'
[1.998s] Level 1:colcon.colcon_core.package_identification:_identify(src/joint_state_publisher/joint_state_publisher_gui) by extensions ['ros']
[1.998s] Level 1:colcon.colcon_core.package_identification:_identify(src/joint_state_publisher/joint_state_publisher_gui) by extension 'ros'
[2.000s] DEBUG:colcon.colcon_core.package_identification:Package 'src/joint_state_publisher/joint_state_publisher_gui' with type 'ros.ament_python' and name 'joint_state_publisher_gui'
[2.001s] Level 1:colcon.colcon_core.package_identification:_identify(src/my_robot) by extensions ['ignore', 'ignore_ament_install']
[2.001s] Level 1:colcon.colcon_core.package_identification:_identify(src/my_robot) by extension 'ignore'
[2.002s] Level 1:colcon.colcon_core.package_identification:_identify(src/my_robot) by extension 'ignore_ament_install'
[2.002s] Level 1:colcon.colcon_core.package_identification:_identify(src/my_robot) by extensions ['colcon_pkg']
[2.002s] Level 1:colcon.colcon_core.package_identification:_identify(src/my_robot) by extension 'colcon_pkg'
[2.002s] Level 1:colcon.colcon_core.package_identification:_identify(src/my_robot) by extensions ['colcon_meta']
[2.002s] Level 1:colcon.colcon_core.package_identification:_identify(src/my_robot) by extension 'colcon_meta'
[2.003s] Level 1:colcon.colcon_core.package_identification:_identify(src/my_robot) by extensions ['ros']
[2.003s] Level 1:colcon.colcon_core.package_identification:_identify(src/my_robot) by extension 'ros'
[2.005s] DEBUG:colcon.colcon_core.package_identification:Package 'src/my_robot' with type 'ros.ament_python' and name 'my_robot'
[2.006s] Level 1:colcon.colcon_core.package_identification:_identify(src/pico_odom) by extensions ['ignore', 'ignore_ament_install']
[2.007s] Level 1:colcon.colcon_core.package_identification:_identify(src/pico_odom) by extension 'ignore'
[2.007s] Level 1:colcon.colcon_core.package_identification:_identify(src/pico_odom) by extension 'ignore_ament_install'
[2.007s] Level 1:colcon.colcon_core.package_identification:_identify(src/pico_odom) by extensions ['colcon_pkg']
[2.007s] Level 1:colcon.colcon_core.package_identification:_identify(src/pico_odom) by extension 'colcon_pkg'
[2.008s] Level 1:colcon.colcon_core.package_identification:_identify(src/pico_odom) by extensions ['colcon_meta']
[2.008s] Level 1:colcon.colcon_core.package_identification:_identify(src/pico_odom) by extension 'colcon_meta'
[2.008s] Level 1:colcon.colcon_core.package_identification:_identify(src/pico_odom) by extensions ['ros']
[2.008s] Level 1:colcon.colcon_core.package_identification:_identify(src/pico_odom) by extension 'ros'
[2.010s] DEBUG:colcon.colcon_core.package_identification:Package 'src/pico_odom' with type 'ros.ament_python' and name 'pico_odom'
[2.011s] Level 1:colcon.colcon_core.package_identification:_identify(src/robot_nav) by extensions ['ignore', 'ignore_ament_install']
[2.011s] Level 1:colcon.colcon_core.package_identification:_identify(src/robot_nav) by extension 'ignore'
[2.011s] Level 1:colcon.colcon_core.package_identification:_identify(src/robot_nav) by extension 'ignore_ament_install'
[2.012s] Level 1:colcon.colcon_core.package_identification:_identify(src/robot_nav) by extensions ['colcon_pkg']
[2.012s] Level 1:colcon.colcon_core.package_identification:_identify(src/robot_nav) by extension 'colcon_pkg'
[2.012s] Level 1:colcon.colcon_core.package_identification:_identify(src/robot_nav) by extensions ['colcon_meta']
[2.012s] Level 1:colcon.colcon_core.package_identification:_identify(src/robot_nav) by extension 'colcon_meta'
[2.012s] Level 1:colcon.colcon_core.package_identification:_identify(src/robot_nav) by extensions ['ros']
[2.012s] Level 1:colcon.colcon_core.package_identification:_identify(src/robot_nav) by extension 'ros'
[2.015s] DEBUG:colcon.colcon_core.package_identification:Package 'src/robot_nav' with type 'ros.ament_python' and name 'robot_nav'
[2.015s] Level 1:colcon.colcon_core.package_discovery:discover_packages(recursive) using defaults
[2.016s] Level 1:colcon.colcon_core.package_discovery:discover_packages(ignore) discover
[2.016s] Level 1:colcon.colcon_core.package_discovery:discover_packages(ignore) using defaults
[2.016s] Level 1:colcon.colcon_core.package_discovery:discover_packages(path) discover
[2.016s] Level 1:colcon.colcon_core.package_discovery:discover_packages(path) using defaults
[2.107s] INFO:colcon.colcon_core.package_selection:Skipping not selected package 'joint_state_publisher' in 'src/joint_state_publisher/joint_state_publisher'
[2.107s] INFO:colcon.colcon_core.package_selection:Skipping not selected package 'my_robot' in 'src/my_robot'
[2.107s] INFO:colcon.colcon_core.package_selection:Skipping not selected package 'pico_odom' in 'src/pico_odom'
[2.107s] INFO:colcon.colcon_core.package_selection:Skipping not selected package 'joint_state_publisher_gui' in 'src/joint_state_publisher/joint_state_publisher_gui'
[2.109s] Level 1:colcon.colcon_core.package_discovery:discover_packages(prefix_path) check parameters
[2.109s] Level 1:colcon.colcon_core.package_discovery:discover_packages(prefix_path) discover
[2.118s] DEBUG:colcon.colcon_installed_package_information.package_discovery:Found 1 installed packages in /home/rubiores/Documents/PAE/install
[2.130s] DEBUG:colcon.colcon_installed_package_information.package_discovery:Found 344 installed packages in /opt/ros/humble
[2.138s] Level 1:colcon.colcon_core.package_discovery:discover_packages(prefix_path) using defaults
[2.369s] Level 5:colcon.colcon_core.verb:set package 'robot_nav' build argument 'cmake_args' from command line to 'None'
[2.369s] Level 5:colcon.colcon_core.verb:set package 'robot_nav' build argument 'cmake_target' from command line to 'None'
[2.369s] Level 5:colcon.colcon_core.verb:set package 'robot_nav' build argument 'cmake_target_skip_unavailable' from command line to 'False'
[2.369s] Level 5:colcon.colcon_core.verb:set package 'robot_nav' build argument 'cmake_clean_cache' from command line to 'False'
[2.369s] Level 5:colcon.colcon_core.verb:set package 'robot_nav' build argument 'cmake_clean_first' from command line to 'False'
[2.369s] Level 5:colcon.colcon_core.verb:set package 'robot_nav' build argument 'cmake_force_configure' from command line to 'False'
[2.370s] Level 5:colcon.colcon_core.verb:set package 'robot_nav' build argument 'ament_cmake_args' from command line to 'None'
[2.370s] Level 5:colcon.colcon_core.verb:set package 'robot_nav' build argument 'catkin_cmake_args' from command line to 'None'
[2.370s] Level 5:colcon.colcon_core.verb:set package 'robot_nav' build argument 'catkin_skip_building_tests' from command line to 'False'
[2.370s] DEBUG:colcon.colcon_core.verb:Building package 'robot_nav' with the following arguments: {'ament_cmake_args': None, 'build_base': '/home/rubiores/Documents/PAE/build/robot_nav', 'catkin_cmake_args': None, 'catkin_skip_building_tests': False, 'cmake_args': None, 'cmake_clean_cache': False, 'cmake_clean_first': False, 'cmake_force_configure': False, 'cmake_target': None, 'cmake_target_skip_unavailable': False, 'install_base': '/home/rubiores/Documents/PAE/install/robot_nav', 'merge_install': False, 'path': '/home/rubiores/Documents/PAE/src/robot_nav', 'symlink_install': True, 'test_result_base': None}
[2.371s] INFO:colcon.colcon_core.executor:Executing jobs using 'parallel' executor
[2.374s] DEBUG:colcon.colcon_parallel_executor.executor.parallel:run_until_complete
[2.375s] INFO:colcon.colcon_ros.task.ament_python.build:Building ROS package in '/home/rubiores/Documents/PAE/src/robot_nav' with build type 'ament_python'
[2.376s] Level 1:colcon.colcon_core.shell:create_environment_hook('robot_nav', 'ament_prefix_path')
[2.387s] INFO:colcon.colcon_core.plugin_system:Skipping extension 'colcon_core.shell.bat': Not used on non-Windows systems
[2.388s] INFO:colcon.colcon_core.shell:Creating environment hook '/home/rubiores/Documents/PAE/install/robot_nav/share/robot_nav/hook/ament_prefix_path.ps1'
[2.391s] INFO:colcon.colcon_core.shell:Creating environment descriptor '/home/rubiores/Documents/PAE/install/robot_nav/share/robot_nav/hook/ament_prefix_path.dsv'
[2.393s] INFO:colcon.colcon_core.shell:Creating environment hook '/home/rubiores/Documents/PAE/install/robot_nav/share/robot_nav/hook/ament_prefix_path.sh'
[2.398s] INFO:colcon.colcon_core.shell:Skip shell extension 'powershell' for command environment: Not usable outside of PowerShell
[2.398s] DEBUG:colcon.colcon_core.shell:Skip shell extension 'dsv' for command environment
[4.110s] INFO:colcon.colcon_core.task.python.build:Building Python package in '/home/rubiores/Documents/PAE/src/robot_nav'
[4.111s] INFO:colcon.colcon_core.shell:Skip shell extension 'powershell' for command environment: Not usable outside of PowerShell
[4.111s] DEBUG:colcon.colcon_core.shell:Skip shell extension 'dsv' for command environment
[6.305s] DEBUG:colcon.colcon_core.event_handler.log_command:Invoking command in '/home/rubiores/Documents/PAE/build/robot_nav': PYTHONPATH=/home/rubiores/Documents/PAE/build/robot_nav/prefix_override:/usr/lib/python3/dist-packages/colcon_core/task/python/colcon_distutils_commands:/home/rubiores/Documents/PAE/install/robot_nav/lib/python3.10/site-packages:${PYTHONPATH} /usr/bin/python3 -W ignore:setup.py install is deprecated -W ignore:easy_install command is deprecated setup.py develop --editable --build-directory /home/rubiores/Documents/PAE/build/robot_nav/build --no-deps symlink_data
[9.501s] Level 1:colcon.colcon_core.shell:create_environment_hook('robot_nav', 'pythonpath_develop')
[9.502s] INFO:colcon.colcon_core.shell:Creating environment hook '/home/rubiores/Documents/PAE/build/robot_nav/share/robot_nav/hook/pythonpath_develop.ps1'
[9.504s] DEBUG:colcon.colcon_core.event_handler.log_command:Invoked command in '/home/rubiores/Documents/PAE/build/robot_nav' returned '0': PYTHONPATH=/home/rubiores/Documents/PAE/build/robot_nav/prefix_override:/usr/lib/python3/dist-packages/colcon_core/task/python/colcon_distutils_commands:/home/rubiores/Documents/PAE/install/robot_nav/lib/python3.10/site-packages:${PYTHONPATH} /usr/bin/python3 -W ignore:setup.py install is deprecated -W ignore:easy_install command is deprecated setup.py develop --editable --build-directory /home/rubiores/Documents/PAE/build/robot_nav/build --no-deps symlink_data
[9.508s] INFO:colcon.colcon_core.shell:Creating environment descriptor '/home/rubiores/Documents/PAE/build/robot_nav/share/robot_nav/hook/pythonpath_develop.dsv'
[9.510s] INFO:colcon.colcon_core.shell:Creating environment hook '/home/rubiores/Documents/PAE/build/robot_nav/share/robot_nav/hook/pythonpath_develop.sh'
[9.531s] Level 1:colcon.colcon_core.environment:checking '/home/rubiores/Documents/PAE/install/robot_nav' for CMake module files
[9.534s] Level 1:colcon.colcon_core.environment:checking '/home/rubiores/Documents/PAE/install/robot_nav' for CMake config files
[9.540s] Level 1:colcon.colcon_core.environment:checking '/home/rubiores/Documents/PAE/install/robot_nav/lib'
[9.541s] Level 1:colcon.colcon_core.environment:checking '/home/rubiores/Documents/PAE/install/robot_nav/bin'
[9.542s] Level 1:colcon.colcon_core.environment:checking '/home/rubiores/Documents/PAE/install/robot_nav/lib/pkgconfig/robot_nav.pc'
[9.543s] Level 1:colcon.colcon_core.environment:checking '/home/rubiores/Documents/PAE/install/robot_nav/lib/python3.10/site-packages'
[9.547s] Level 1:colcon.colcon_core.shell:create_environment_hook('robot_nav', 'pythonpath')
[9.548s] INFO:colcon.colcon_core.shell:Creating environment hook '/home/rubiores/Documents/PAE/install/robot_nav/share/robot_nav/hook/pythonpath.ps1'
[9.601s] INFO:colcon.colcon_core.shell:Creating environment descriptor '/home/rubiores/Documents/PAE/install/robot_nav/share/robot_nav/hook/pythonpath.dsv'
[9.603s] INFO:colcon.colcon_core.shell:Creating environment hook '/home/rubiores/Documents/PAE/install/robot_nav/share/robot_nav/hook/pythonpath.sh'
[9.609s] Level 1:colcon.colcon_core.environment:checking '/home/rubiores/Documents/PAE/install/robot_nav/bin'
[9.609s] Level 1:colcon.colcon_core.environment:create_environment_scripts_only(robot_nav)
[9.611s] INFO:colcon.colcon_core.shell:Creating package script '/home/rubiores/Documents/PAE/install/robot_nav/share/robot_nav/package.ps1'
[9.617s] INFO:colcon.colcon_core.shell:Creating package descriptor '/home/rubiores/Documents/PAE/install/robot_nav/share/robot_nav/package.dsv'
[9.620s] INFO:colcon.colcon_core.shell:Creating package script '/home/rubiores/Documents/PAE/install/robot_nav/share/robot_nav/package.sh'
[9.623s] INFO:colcon.colcon_core.shell:Creating package script '/home/rubiores/Documents/PAE/install/robot_nav/share/robot_nav/package.bash'
[9.627s] INFO:colcon.colcon_core.shell:Creating package script '/home/rubiores/Documents/PAE/install/robot_nav/share/robot_nav/package.zsh'
[9.631s] Level 1:colcon.colcon_core.environment:create_file_with_runtime_dependencies(/home/rubiores/Documents/PAE/install/robot_nav/share/colcon-core/packages/robot_nav)
[9.632s] DEBUG:colcon.colcon_parallel_executor.executor.parallel:closing loop
[9.633s] DEBUG:colcon.colcon_parallel_executor.executor.parallel:loop closed
[9.633s] DEBUG:colcon.colcon_parallel_executor.executor.parallel:run_until_complete finished with '0'
[9.634s] DEBUG:colcon.colcon_core.event_reactor:joining thread
[9.659s] INFO:colcon.colcon_core.plugin_system:Skipping extension 'colcon_notification.desktop_notification.terminal_notifier': Not used on non-Darwin systems
[9.659s] INFO:colcon.colcon_core.plugin_system:Skipping extension 'colcon_notification.desktop_notification.win32': Not used on non-Windows systems
[9.659s] INFO:colcon.colcon_notification.desktop_notification:Sending desktop notification using 'notify2'
[9.710s] DEBUG:colcon.colcon_core.event_reactor:joined thread
[9.711s] INFO:colcon.colcon_core.shell:Creating prefix script '/home/rubiores/Documents/PAE/install/local_setup.ps1'
[9.745s] INFO:colcon.colcon_core.shell:Creating prefix util module '/home/rubiores/Documents/PAE/install/_local_setup_util_ps1.py'
[9.754s] INFO:colcon.colcon_core.shell:Creating prefix chain script '/home/rubiores/Documents/PAE/install/setup.ps1'
[9.760s] INFO:colcon.colcon_core.shell:Creating prefix script '/home/rubiores/Documents/PAE/install/local_setup.sh'
[9.764s] INFO:colcon.colcon_core.shell:Creating prefix util module '/home/rubiores/Documents/PAE/install/_local_setup_util_sh.py'
[9.767s] INFO:colcon.colcon_core.shell:Creating prefix chain script '/home/rubiores/Documents/PAE/install/setup.sh'
[9.772s] INFO:colcon.colcon_core.shell:Creating prefix script '/home/rubiores/Documents/PAE/install/local_setup.bash'
[9.775s] INFO:colcon.colcon_core.shell:Creating prefix chain script '/home/rubiores/Documents/PAE/install/setup.bash'
[9.779s] INFO:colcon.colcon_core.shell:Creating prefix script '/home/rubiores/Documents/PAE/install/local_setup.zsh'
[9.781s] INFO:colcon.colcon_core.shell:Creating prefix chain script '/home/rubiores/Documents/PAE/install/setup.zsh'
