[0.471s] DEBUG:colcon:Command line arguments: ['/usr/bin/colcon', 'build', '--packages-select', 'robot_nav', '--symlink-install']
[0.471s] DEBUG:colcon:Parsed command line arguments: Namespace(log_base=None, log_level=None, verb_name='build', build_base='build', install_base='install', merge_install=False, symlink_install=True, test_result_base=None, continue_on_error=False, executor='parallel', parallel_workers=4, event_handlers=None, ignore_user_meta=False, metas=['./colcon.meta'], base_paths=['.'], packages_ignore=None, packages_ignore_regex=None, paths=None, packages_up_to=None, packages_up_to_regex=None, packages_above=None, packages_above_and_dependencies=None, packages_above_depth=None, packages_select_by_dep=None, packages_skip_by_dep=None, packages_skip_up_to=None, packages_select_build_failed=False, packages_skip_build_finished=False, packages_select_test_failures=False, packages_skip_test_passed=False, packages_select=['robot_nav'], packages_skip=None, packages_select_regex=None, packages_skip_regex=None, packages_start=None, packages_end=None, allow_overriding=[], cmake_args=None, cmake_target=None, cmake_target_skip_unavailable=False, cmake_clean_cache=False, cmake_clean_first=False, cmake_force_configure=False, ament_cmake_args=None, catkin_cmake_args=None, catkin_skip_building_tests=False, mixin_files=None, mixin=None, verb_parser=<colcon_mixin.mixin.mixin_argument.MixinArgumentDecorator object at 0xffff96422320>, verb_extension=<colcon_core.verb.build.BuildVerb object at 0xffff965d3220>, main=<bound method BuildVerb.main of <colcon_core.verb.build.BuildVerb object at 0xffff965d3220>>, mixin_verb=('build',))
[1.544s] Level 1:colcon.colcon_core.package_discovery:discover_packages(colcon_meta) check parameters
[1.545s] Level 1:colcon.colcon_core.package_discovery:discover_packages(recursive) check parameters
[1.545s] Level 1:colcon.colcon_core.package_discovery:discover_packages(ignore) check parameters
[1.545s] Level 1:colcon.colcon_core.package_discovery:discover_packages(path) check parameters
[1.545s] Level 1:colcon.colcon_core.package_discovery:discover_packages(colcon_meta) discover
[1.546s] Level 1:colcon.colcon_core.package_discovery:discover_packages(recursive) discover
[1.546s] INFO:colcon.colcon_core.package_discovery:Crawling recursively for packages in '/home/rubiores/Documents/PAE'
[1.547s] Level 1:colcon.colcon_core.package_identification:_identify(.) by extensions ['ignore', 'ignore_ament_install']
[1.547s] Level 1:colcon.colcon_core.package_identification:_identify(.) by extension 'ignore'
[1.547s] Level 1:colcon.colcon_core.package_identification:_identify(.) by extension 'ignore_ament_install'
[1.547s] Level 1:colcon.colcon_core.package_identification:_identify(.) by extensions ['colcon_pkg']
[1.548s] Level 1:colcon.colcon_core.package_identification:_identify(.) by extension 'colcon_pkg'
[1.548s] Level 1:colcon.colcon_core.package_identification:_identify(.) by extensions ['colcon_meta']
[1.548s] Level 1:colcon.colcon_core.package_identification:_identify(.) by extension 'colcon_meta'
[1.548s] Level 1:colcon.colcon_core.package_identification:_identify(.) by extensions ['ros']
[1.548s] Level 1:colcon.colcon_core.package_identification:_identify(.) by extension 'ros'
[1.626s] Level 1:colcon.colcon_core.package_identification:_identify(.) by extensions ['cmake', 'python']
[1.627s] Level 1:colcon.colcon_core.package_identification:_identify(.) by extension 'cmake'
[1.627s] Level 1:colcon.colcon_core.package_identification:_identify(.) by extension 'python'
[1.627s] Level 1:colcon.colcon_core.package_identification:_identify(.) by extensions ['python_setup_py']
[1.627s] Level 1:colcon.colcon_core.package_identification:_identify(.) by extension 'python_setup_py'
[1.628s] Level 1:colcon.colcon_core.package_identification:_identify(build) by extensions ['ignore', 'ignore_ament_install']
[1.628s] Level 1:colcon.colcon_core.package_identification:_identify(build) by extension 'ignore'
[1.628s] Level 1:colcon.colcon_core.package_identification:_identify(build) ignored
[1.629s] Level 1:colcon.colcon_core.package_identification:_identify(install) by extensions ['ignore', 'ignore_ament_install']
[1.629s] Level 1:colcon.colcon_core.package_identification:_identify(install) by extension 'ignore'
[1.629s] Level 1:colcon.colcon_core.package_identification:_identify(install) ignored
[1.630s] Level 1:colcon.colcon_core.package_identification:_identify(log) by extensions ['ignore', 'ignore_ament_install']
[1.630s] Level 1:colcon.colcon_core.package_identification:_identify(log) by extension 'ignore'
[1.630s] Level 1:colcon.colcon_core.package_identification:_identify(log) ignored
[1.631s] Level 1:colcon.colcon_core.package_identification:_identify(src) by extensions ['ignore', 'ignore_ament_install']
[1.631s] Level 1:colcon.colcon_core.package_identification:_identify(src) by extension 'ignore'
[1.631s] Level 1:colcon.colcon_core.package_identification:_identify(src) by extension 'ignore_ament_install'
[1.631s] Level 1:colcon.colcon_core.package_identification:_identify(src) by extensions ['colcon_pkg']
[1.631s] Level 1:colcon.colcon_core.package_identification:_identify(src) by extension 'colcon_pkg'
[1.632s] Level 1:colcon.colcon_core.package_identification:_identify(src) by extensions ['colcon_meta']
[1.632s] Level 1:colcon.colcon_core.package_identification:_identify(src) by extension 'colcon_meta'
[1.632s] Level 1:colcon.colcon_core.package_identification:_identify(src) by extensions ['ros']
[1.632s] Level 1:colcon.colcon_core.package_identification:_identify(src) by extension 'ros'
[1.632s] Level 1:colcon.colcon_core.package_identification:_identify(src) by extensions ['cmake', 'python']
[1.632s] Level 1:colcon.colcon_core.package_identification:_identify(src) by extension 'cmake'
[1.633s] Level 1:colcon.colcon_core.package_identification:_identify(src) by extension 'python'
[1.633s] Level 1:colcon.colcon_core.package_identification:_identify(src) by extensions ['python_setup_py']
[1.633s] Level 1:colcon.colcon_core.package_identification:_identify(src) by extension 'python_setup_py'
[1.633s] Level 1:colcon.colcon_core.package_identification:_identify(src/joint_state_publisher) by extensions ['ignore', 'ignore_ament_install']
[1.634s] Level 1:colcon.colcon_core.package_identification:_identify(src/joint_state_publisher) by extension 'ignore'
[1.634s] Level 1:colcon.colcon_core.package_identification:_identify(src/joint_state_publisher) by extension 'ignore_ament_install'
[1.634s] Level 1:colcon.colcon_core.package_identification:_identify(src/joint_state_publisher) by extensions ['colcon_pkg']
[1.634s] Level 1:colcon.colcon_core.package_identification:_identify(src/joint_state_publisher) by extension 'colcon_pkg'
[1.634s] Level 1:colcon.colcon_core.package_identification:_identify(src/joint_state_publisher) by extensions ['colcon_meta']
[1.634s] Level 1:colcon.colcon_core.package_identification:_identify(src/joint_state_publisher) by extension 'colcon_meta'
[1.635s] Level 1:colcon.colcon_core.package_identification:_identify(src/joint_state_publisher) by extensions ['ros']
[1.635s] Level 1:colcon.colcon_core.package_identification:_identify(src/joint_state_publisher) by extension 'ros'
[1.635s] Level 1:colcon.colcon_core.package_identification:_identify(src/joint_state_publisher) by extensions ['cmake', 'python']
[1.635s] Level 1:colcon.colcon_core.package_identification:_identify(src/joint_state_publisher) by extension 'cmake'
[1.635s] Level 1:colcon.colcon_core.package_identification:_identify(src/joint_state_publisher) by extension 'python'
[1.636s] Level 1:colcon.colcon_core.package_identification:_identify(src/joint_state_publisher) by extensions ['python_setup_py']
[1.636s] Level 1:colcon.colcon_core.package_identification:_identify(src/joint_state_publisher) by extension 'python_setup_py'
[1.636s] Level 1:colcon.colcon_core.package_identification:_identify(src/joint_state_publisher/joint_state_publisher) by extensions ['ignore', 'ignore_ament_install']
[1.637s] Level 1:colcon.colcon_core.package_identification:_identify(src/joint_state_publisher/joint_state_publisher) by extension 'ignore'
[1.637s] Level 1:colcon.colcon_core.package_identification:_identify(src/joint_state_publisher/joint_state_publisher) by extension 'ignore_ament_install'
[1.637s] Level 1:colcon.colcon_core.package_identification:_identify(src/joint_state_publisher/joint_state_publisher) by extensions ['colcon_pkg']
[1.637s] Level 1:colcon.colcon_core.package_identification:_identify(src/joint_state_publisher/joint_state_publisher) by extension 'colcon_pkg'
[1.637s] Level 1:colcon.colcon_core.package_identification:_identify(src/joint_state_publisher/joint_state_publisher) by extensions ['colcon_meta']
[1.637s] Level 1:colcon.colcon_core.package_identification:_identify(src/joint_state_publisher/joint_state_publisher) by extension 'colcon_meta'
[1.638s] Level 1:colcon.colcon_core.package_identification:_identify(src/joint_state_publisher/joint_state_publisher) by extensions ['ros']
[1.638s] Level 1:colcon.colcon_core.package_identification:_identify(src/joint_state_publisher/joint_state_publisher) by extension 'ros'
[1.647s] DEBUG:colcon.colcon_core.package_identification:Package 'src/joint_state_publisher/joint_state_publisher' with type 'ros.ament_python' and name 'joint_state_publisher'
[1.648s] Level 1:colcon.colcon_core.package_identification:_identify(src/joint_state_publisher/joint_state_publisher_gui) by extensions ['ignore', 'ignore_ament_install']
[1.648s] Level 1:colcon.colcon_core.package_identification:_identify(src/joint_state_publisher/joint_state_publisher_gui) by extension 'ignore'
[1.649s] Level 1:colcon.colcon_core.package_identification:_identify(src/joint_state_publisher/joint_state_publisher_gui) by extension 'ignore_ament_install'
[1.649s] Level 1:colcon.colcon_core.package_identification:_identify(src/joint_state_publisher/joint_state_publisher_gui) by extensions ['colcon_pkg']
[1.649s] Level 1:colcon.colcon_core.package_identification:_identify(src/joint_state_publisher/joint_state_publisher_gui) by extension 'colcon_pkg'
[1.649s] Level 1:colcon.colcon_core.package_identification:_identify(src/joint_state_publisher/joint_state_publisher_gui) by extensions ['colcon_meta']
[1.649s] Level 1:colcon.colcon_core.package_identification:_identify(src/joint_state_publisher/joint_state_publisher_gui) by extension 'colcon_meta'
[1.649s] Level 1:colcon.colcon_core.package_identification:_identify(src/joint_state_publisher/joint_state_publisher_gui) by extensions ['ros']
[1.650s] Level 1:colcon.colcon_core.package_identification:_identify(src/joint_state_publisher/joint_state_publisher_gui) by extension 'ros'
[1.652s] DEBUG:colcon.colcon_core.package_identification:Package 'src/joint_state_publisher/joint_state_publisher_gui' with type 'ros.ament_python' and name 'joint_state_publisher_gui'
[1.653s] Level 1:colcon.colcon_core.package_identification:_identify(src/my_robot) by extensions ['ignore', 'ignore_ament_install']
[1.653s] Level 1:colcon.colcon_core.package_identification:_identify(src/my_robot) by extension 'ignore'
[1.653s] Level 1:colcon.colcon_core.package_identification:_identify(src/my_robot) by extension 'ignore_ament_install'
[1.653s] Level 1:colcon.colcon_core.package_identification:_identify(src/my_robot) by extensions ['colcon_pkg']
[1.654s] Level 1:colcon.colcon_core.package_identification:_identify(src/my_robot) by extension 'colcon_pkg'
[1.654s] Level 1:colcon.colcon_core.package_identification:_identify(src/my_robot) by extensions ['colcon_meta']
[1.654s] Level 1:colcon.colcon_core.package_identification:_identify(src/my_robot) by extension 'colcon_meta'
[1.654s] Level 1:colcon.colcon_core.package_identification:_identify(src/my_robot) by extensions ['ros']
[1.654s] Level 1:colcon.colcon_core.package_identification:_identify(src/my_robot) by extension 'ros'
[1.656s] DEBUG:colcon.colcon_core.package_identification:Package 'src/my_robot' with type 'ros.ament_python' and name 'my_robot'
[1.657s] Level 1:colcon.colcon_core.package_identification:_identify(src/pico_odom) by extensions ['ignore', 'ignore_ament_install']
[1.657s] Level 1:colcon.colcon_core.package_identification:_identify(src/pico_odom) by extension 'ignore'
[1.657s] Level 1:colcon.colcon_core.package_identification:_identify(src/pico_odom) by extension 'ignore_ament_install'
[1.658s] Level 1:colcon.colcon_core.package_identification:_identify(src/pico_odom) by extensions ['colcon_pkg']
[1.658s] Level 1:colcon.colcon_core.package_identification:_identify(src/pico_odom) by extension 'colcon_pkg'
[1.658s] Level 1:colcon.colcon_core.package_identification:_identify(src/pico_odom) by extensions ['colcon_meta']
[1.658s] Level 1:colcon.colcon_core.package_identification:_identify(src/pico_odom) by extension 'colcon_meta'
[1.658s] Level 1:colcon.colcon_core.package_identification:_identify(src/pico_odom) by extensions ['ros']
[1.658s] Level 1:colcon.colcon_core.package_identification:_identify(src/pico_odom) by extension 'ros'
[1.660s] DEBUG:colcon.colcon_core.package_identification:Package 'src/pico_odom' with type 'ros.ament_python' and name 'pico_odom'
[1.661s] Level 1:colcon.colcon_core.package_identification:_identify(src/robot_nav) by extensions ['ignore', 'ignore_ament_install']
[1.661s] Level 1:colcon.colcon_core.package_identification:_identify(src/robot_nav) by extension 'ignore'
[1.662s] Level 1:colcon.colcon_core.package_identification:_identify(src/robot_nav) by extension 'ignore_ament_install'
[1.662s] Level 1:colcon.colcon_core.package_identification:_identify(src/robot_nav) by extensions ['colcon_pkg']
[1.662s] Level 1:colcon.colcon_core.package_identification:_identify(src/robot_nav) by extension 'colcon_pkg'
[1.662s] Level 1:colcon.colcon_core.package_identification:_identify(src/robot_nav) by extensions ['colcon_meta']
[1.662s] Level 1:colcon.colcon_core.package_identification:_identify(src/robot_nav) by extension 'colcon_meta'
[1.663s] Level 1:colcon.colcon_core.package_identification:_identify(src/robot_nav) by extensions ['ros']
[1.663s] Level 1:colcon.colcon_core.package_identification:_identify(src/robot_nav) by extension 'ros'
[1.665s] DEBUG:colcon.colcon_core.package_identification:Package 'src/robot_nav' with type 'ros.ament_python' and name 'robot_nav'
[1.665s] Level 1:colcon.colcon_core.package_discovery:discover_packages(recursive) using defaults
[1.665s] Level 1:colcon.colcon_core.package_discovery:discover_packages(ignore) discover
[1.665s] Level 1:colcon.colcon_core.package_discovery:discover_packages(ignore) using defaults
[1.665s] Level 1:colcon.colcon_core.package_discovery:discover_packages(path) discover
[1.665s] Level 1:colcon.colcon_core.package_discovery:discover_packages(path) using defaults
[1.745s] INFO:colcon.colcon_core.package_selection:Skipping not selected package 'joint_state_publisher' in 'src/joint_state_publisher/joint_state_publisher'
[1.745s] INFO:colcon.colcon_core.package_selection:Skipping not selected package 'my_robot' in 'src/my_robot'
[1.746s] INFO:colcon.colcon_core.package_selection:Skipping not selected package 'pico_odom' in 'src/pico_odom'
[1.746s] INFO:colcon.colcon_core.package_selection:Skipping not selected package 'joint_state_publisher_gui' in 'src/joint_state_publisher/joint_state_publisher_gui'
[1.747s] Level 1:colcon.colcon_core.package_discovery:discover_packages(prefix_path) check parameters
[1.748s] Level 1:colcon.colcon_core.package_discovery:discover_packages(prefix_path) discover
[1.752s] WARNING:colcon.colcon_ros.prefix_path.ament:The path '/home/rubiores/Documents/PAE/install/robot_nav' in the environment variable AMENT_PREFIX_PATH doesn't exist
[1.755s] DEBUG:colcon.colcon_installed_package_information.package_discovery:Found 0 installed packages in /home/rubiores/Documents/PAE/install
[1.766s] DEBUG:colcon.colcon_installed_package_information.package_discovery:Found 344 installed packages in /opt/ros/humble
[1.773s] Level 1:colcon.colcon_core.package_discovery:discover_packages(prefix_path) using defaults
[1.975s] Level 5:colcon.colcon_core.verb:set package 'robot_nav' build argument 'cmake_args' from command line to 'None'
[1.975s] Level 5:colcon.colcon_core.verb:set package 'robot_nav' build argument 'cmake_target' from command line to 'None'
[1.975s] Level 5:colcon.colcon_core.verb:set package 'robot_nav' build argument 'cmake_target_skip_unavailable' from command line to 'False'
[1.975s] Level 5:colcon.colcon_core.verb:set package 'robot_nav' build argument 'cmake_clean_cache' from command line to 'False'
[1.976s] Level 5:colcon.colcon_core.verb:set package 'robot_nav' build argument 'cmake_clean_first' from command line to 'False'
[1.976s] Level 5:colcon.colcon_core.verb:set package 'robot_nav' build argument 'cmake_force_configure' from command line to 'False'
[1.976s] Level 5:colcon.colcon_core.verb:set package 'robot_nav' build argument 'ament_cmake_args' from command line to 'None'
[1.976s] Level 5:colcon.colcon_core.verb:set package 'robot_nav' build argument 'catkin_cmake_args' from command line to 'None'
[1.976s] Level 5:colcon.colcon_core.verb:set package 'robot_nav' build argument 'catkin_skip_building_tests' from command line to 'False'
[1.976s] DEBUG:colcon.colcon_core.verb:Building package 'robot_nav' with the following arguments: {'ament_cmake_args': None, 'build_base': '/home/rubiores/Documents/PAE/build/robot_nav', 'catkin_cmake_args': None, 'catkin_skip_building_tests': False, 'cmake_args': None, 'cmake_clean_cache': False, 'cmake_clean_first': False, 'cmake_force_configure': False, 'cmake_target': None, 'cmake_target_skip_unavailable': False, 'install_base': '/home/rubiores/Documents/PAE/install/robot_nav', 'merge_install': False, 'path': '/home/rubiores/Documents/PAE/src/robot_nav', 'symlink_install': True, 'test_result_base': None}
[1.977s] INFO:colcon.colcon_core.executor:Executing jobs using 'parallel' executor
[1.980s] DEBUG:colcon.colcon_parallel_executor.executor.parallel:run_until_complete
[1.981s] INFO:colcon.colcon_ros.task.ament_python.build:Building ROS package in '/home/rubiores/Documents/PAE/src/robot_nav' with build type 'ament_python'
[1.981s] Level 1:colcon.colcon_core.shell:create_environment_hook('robot_nav', 'ament_prefix_path')
[1.990s] INFO:colcon.colcon_core.plugin_system:Skipping extension 'colcon_core.shell.bat': Not used on non-Windows systems
[1.991s] INFO:colcon.colcon_core.shell:Creating environment hook '/home/rubiores/Documents/PAE/install/robot_nav/share/robot_nav/hook/ament_prefix_path.ps1'
[1.994s] INFO:colcon.colcon_core.shell:Creating environment descriptor '/home/rubiores/Documents/PAE/install/robot_nav/share/robot_nav/hook/ament_prefix_path.dsv'
[1.996s] INFO:colcon.colcon_core.shell:Creating environment hook '/home/rubiores/Documents/PAE/install/robot_nav/share/robot_nav/hook/ament_prefix_path.sh'
[1.999s] INFO:colcon.colcon_core.shell:Skip shell extension 'powershell' for command environment: Not usable outside of PowerShell
[2.000s] DEBUG:colcon.colcon_core.shell:Skip shell extension 'dsv' for command environment
[3.449s] INFO:colcon.colcon_core.task.python.build:Building Python package in '/home/rubiores/Documents/PAE/src/robot_nav'
[3.450s] INFO:colcon.colcon_core.shell:Skip shell extension 'powershell' for command environment: Not usable outside of PowerShell
[3.450s] DEBUG:colcon.colcon_core.shell:Skip shell extension 'dsv' for command environment
[5.312s] DEBUG:colcon.colcon_core.event_handler.log_command:Invoking command in '/home/rubiores/Documents/PAE/build/robot_nav': PYTHONPATH=/home/rubiores/Documents/PAE/build/robot_nav/prefix_override:/usr/lib/python3/dist-packages/colcon_core/task/python/colcon_distutils_commands:/home/rubiores/Documents/PAE/install/robot_nav/lib/python3.10/site-packages:${PYTHONPATH} /usr/bin/python3 -W ignore:setup.py install is deprecated -W ignore:easy_install command is deprecated setup.py develop --editable --build-directory /home/rubiores/Documents/PAE/build/robot_nav/build --no-deps symlink_data
[8.023s] Level 1:colcon.colcon_core.shell:create_environment_hook('robot_nav', 'pythonpath_develop')
[8.025s] INFO:colcon.colcon_core.shell:Creating environment hook '/home/rubiores/Documents/PAE/build/robot_nav/share/robot_nav/hook/pythonpath_develop.ps1'
[8.026s] DEBUG:colcon.colcon_core.event_handler.log_command:Invoked command in '/home/rubiores/Documents/PAE/build/robot_nav' returned '0': PYTHONPATH=/home/rubiores/Documents/PAE/build/robot_nav/prefix_override:/usr/lib/python3/dist-packages/colcon_core/task/python/colcon_distutils_commands:/home/rubiores/Documents/PAE/install/robot_nav/lib/python3.10/site-packages:${PYTHONPATH} /usr/bin/python3 -W ignore:setup.py install is deprecated -W ignore:easy_install command is deprecated setup.py develop --editable --build-directory /home/rubiores/Documents/PAE/build/robot_nav/build --no-deps symlink_data
[8.029s] INFO:colcon.colcon_core.shell:Creating environment descriptor '/home/rubiores/Documents/PAE/build/robot_nav/share/robot_nav/hook/pythonpath_develop.dsv'
[8.031s] INFO:colcon.colcon_core.shell:Creating environment hook '/home/rubiores/Documents/PAE/build/robot_nav/share/robot_nav/hook/pythonpath_develop.sh'
[8.043s] Level 1:colcon.colcon_core.environment:checking '/home/rubiores/Documents/PAE/install/robot_nav' for CMake module files
[8.046s] Level 1:colcon.colcon_core.environment:checking '/home/rubiores/Documents/PAE/install/robot_nav' for CMake config files
[8.050s] Level 1:colcon.colcon_core.environment:checking '/home/rubiores/Documents/PAE/install/robot_nav/lib'
[8.051s] Level 1:colcon.colcon_core.environment:checking '/home/rubiores/Documents/PAE/install/robot_nav/bin'
[8.051s] Level 1:colcon.colcon_core.environment:checking '/home/rubiores/Documents/PAE/install/robot_nav/lib/pkgconfig/robot_nav.pc'
[8.052s] Level 1:colcon.colcon_core.environment:checking '/home/rubiores/Documents/PAE/install/robot_nav/lib/python3.10/site-packages'
[8.052s] Level 1:colcon.colcon_core.shell:create_environment_hook('robot_nav', 'pythonpath')
[8.053s] INFO:colcon.colcon_core.shell:Creating environment hook '/home/rubiores/Documents/PAE/install/robot_nav/share/robot_nav/hook/pythonpath.ps1'
[8.055s] INFO:colcon.colcon_core.shell:Creating environment descriptor '/home/rubiores/Documents/PAE/install/robot_nav/share/robot_nav/hook/pythonpath.dsv'
[8.057s] INFO:colcon.colcon_core.shell:Creating environment hook '/home/rubiores/Documents/PAE/install/robot_nav/share/robot_nav/hook/pythonpath.sh'
[8.059s] Level 1:colcon.colcon_core.environment:checking '/home/rubiores/Documents/PAE/install/robot_nav/bin'
[8.060s] Level 1:colcon.colcon_core.environment:create_environment_scripts_only(robot_nav)
[8.061s] INFO:colcon.colcon_core.shell:Creating package script '/home/rubiores/Documents/PAE/install/robot_nav/share/robot_nav/package.ps1'
[8.065s] INFO:colcon.colcon_core.shell:Creating package descriptor '/home/rubiores/Documents/PAE/install/robot_nav/share/robot_nav/package.dsv'
[8.070s] INFO:colcon.colcon_core.shell:Creating package script '/home/rubiores/Documents/PAE/install/robot_nav/share/robot_nav/package.sh'
[8.074s] INFO:colcon.colcon_core.shell:Creating package script '/home/rubiores/Documents/PAE/install/robot_nav/share/robot_nav/package.bash'
[8.078s] INFO:colcon.colcon_core.shell:Creating package script '/home/rubiores/Documents/PAE/install/robot_nav/share/robot_nav/package.zsh'
[8.083s] Level 1:colcon.colcon_core.environment:create_file_with_runtime_dependencies(/home/rubiores/Documents/PAE/install/robot_nav/share/colcon-core/packages/robot_nav)
[8.085s] DEBUG:colcon.colcon_parallel_executor.executor.parallel:closing loop
[8.087s] DEBUG:colcon.colcon_parallel_executor.executor.parallel:loop closed
[8.087s] DEBUG:colcon.colcon_parallel_executor.executor.parallel:run_until_complete finished with '0'
[8.088s] DEBUG:colcon.colcon_core.event_reactor:joining thread
[8.114s] INFO:colcon.colcon_core.plugin_system:Skipping extension 'colcon_notification.desktop_notification.terminal_notifier': Not used on non-Darwin systems
[8.115s] INFO:colcon.colcon_core.plugin_system:Skipping extension 'colcon_notification.desktop_notification.win32': Not used on non-Windows systems
[8.115s] INFO:colcon.colcon_notification.desktop_notification:Sending desktop notification using 'notify2'
[8.167s] DEBUG:colcon.colcon_core.event_reactor:joined thread
[8.168s] INFO:colcon.colcon_core.shell:Creating prefix script '/home/rubiores/Documents/PAE/install/local_setup.ps1'
[8.173s] INFO:colcon.colcon_core.shell:Creating prefix util module '/home/rubiores/Documents/PAE/install/_local_setup_util_ps1.py'
[8.181s] INFO:colcon.colcon_core.shell:Creating prefix chain script '/home/rubiores/Documents/PAE/install/setup.ps1'
[8.187s] INFO:colcon.colcon_core.shell:Creating prefix script '/home/rubiores/Documents/PAE/install/local_setup.sh'
[8.190s] INFO:colcon.colcon_core.shell:Creating prefix util module '/home/rubiores/Documents/PAE/install/_local_setup_util_sh.py'
[8.193s] INFO:colcon.colcon_core.shell:Creating prefix chain script '/home/rubiores/Documents/PAE/install/setup.sh'
[8.198s] INFO:colcon.colcon_core.shell:Creating prefix script '/home/rubiores/Documents/PAE/install/local_setup.bash'
[8.201s] INFO:colcon.colcon_core.shell:Creating prefix chain script '/home/rubiores/Documents/PAE/install/setup.bash'
[8.205s] INFO:colcon.colcon_core.shell:Creating prefix script '/home/rubiores/Documents/PAE/install/local_setup.zsh'
[8.208s] INFO:colcon.colcon_core.shell:Creating prefix chain script '/home/rubiores/Documents/PAE/install/setup.zsh'
