[3.373s] Invoking command in '/home/rubiores/Documents/PAE/build/robot_nav': PYTHONPATH=/home/rubiores/Documents/PAE/build/robot_nav/prefix_override:/usr/lib/python3/dist-packages/colcon_core/task/python/colcon_distutils_commands:/home/rubiores/Documents/PAE/install/robot_nav/lib/python3.10/site-packages:${PYTHONPATH} /usr/bin/python3 -W ignore:setup.py install is deprecated -W ignore:easy_install command is deprecated setup.py develop --editable --build-directory /home/rubiores/Documents/PAE/build/robot_nav/build --no-deps symlink_data
[4.803s] running develop
[5.899s] running egg_info
[5.900s] writing robot_nav.egg-info/PKG-INFO
[5.901s] writing dependency_links to robot_nav.egg-info/dependency_links.txt
[5.902s] writing entry points to robot_nav.egg-info/entry_points.txt
[5.903s] writing requirements to robot_nav.egg-info/requires.txt
[5.904s] writing top-level names to robot_nav.egg-info/top_level.txt
[5.913s] reading manifest file 'robot_nav.egg-info/SOURCES.txt'
[5.919s] writing manifest file 'robot_nav.egg-info/SOURCES.txt'
[5.924s] running build_ext
[5.925s] Creating /home/rubiores/Documents/PAE/install/robot_nav/lib/python3.10/site-packages/robot-nav.egg-link (link to .)
[5.929s] Installing lidar_node script to /home/rubiores/Documents/PAE/install/robot_nav/lib/robot_nav
[5.930s] Installing motor_controller script to /home/rubiores/Documents/PAE/install/robot_nav/lib/robot_nav
[5.931s] Installing pico_bridge script to /home/rubiores/Documents/PAE/install/robot_nav/lib/robot_nav
[5.932s] Installing pico_odom_node script to /home/rubiores/Documents/PAE/install/robot_nav/lib/robot_nav
[5.933s] Installing simple_nav script to /home/rubiores/Documents/PAE/install/robot_nav/lib/robot_nav
[5.934s] Installing teleop_keyboard script to /home/rubiores/Documents/PAE/install/robot_nav/lib/robot_nav
[5.935s] 
[5.935s] Installed /home/rubiores/Documents/PAE/build/robot_nav
[5.936s] running symlink_data
[6.100s] Invoked command in '/home/rubiores/Documents/PAE/build/robot_nav' returned '0': PYTHONPATH=/home/rubiores/Documents/PAE/build/robot_nav/prefix_override:/usr/lib/python3/dist-packages/colcon_core/task/python/colcon_distutils_commands:/home/rubiores/Documents/PAE/install/robot_nav/lib/python3.10/site-packages:${PYTHONPATH} /usr/bin/python3 -W ignore:setup.py install is deprecated -W ignore:easy_install command is deprecated setup.py develop --editable --build-directory /home/rubiores/Documents/PAE/build/robot_nav/build --no-deps symlink_data
