[3.380s] Invoking command in '/home/rubiores/Documents/PAE/build/robot_nav': PYTHONPATH=/home/rubiores/Documents/PAE/build/robot_nav/prefix_override:/usr/lib/python3/dist-packages/colcon_core/task/python/colcon_distutils_commands:/home/rubiores/Documents/PAE/install/robot_nav/lib/python3.10/site-packages:${PYTHONPATH} /usr/bin/python3 -W ignore:setup.py install is deprecated -W ignore:easy_install command is deprecated setup.py develop --editable --build-directory /home/rubiores/Documents/PAE/build/robot_nav/build --no-deps symlink_data --force
[4.833s] running develop
[5.922s] running egg_info
[5.923s] writing robot_nav.egg-info/PKG-INFO
[5.924s] writing dependency_links to robot_nav.egg-info/dependency_links.txt
[5.925s] writing entry points to robot_nav.egg-info/entry_points.txt
[5.926s] writing requirements to robot_nav.egg-info/requires.txt
[5.927s] writing top-level names to robot_nav.egg-info/top_level.txt
[5.936s] reading manifest file 'robot_nav.egg-info/SOURCES.txt'
[5.943s] writing manifest file 'robot_nav.egg-info/SOURCES.txt'
[5.950s] running build_ext
[5.951s] Creating /home/rubiores/Documents/PAE/install/robot_nav/lib/python3.10/site-packages/robot-nav.egg-link (link to .)
[5.955s] Installing lidar_node script to /home/rubiores/Documents/PAE/install/robot_nav/lib/robot_nav
[5.956s] Installing motor_controller script to /home/rubiores/Documents/PAE/install/robot_nav/lib/robot_nav
[5.958s] Installing pico_bridge script to /home/rubiores/Documents/PAE/install/robot_nav/lib/robot_nav
[5.959s] Installing pico_odom_node script to /home/rubiores/Documents/PAE/install/robot_nav/lib/robot_nav
[5.960s] Installing teleop_keyboard script to /home/rubiores/Documents/PAE/install/robot_nav/lib/robot_nav
[5.962s] 
[5.962s] Installed /home/rubiores/Documents/PAE/build/robot_nav
[5.963s] running symlink_data
[5.963s] symbolically linking /home/rubiores/Documents/PAE/build/robot_nav/resource/robot_nav -> /home/rubiores/Documents/PAE/install/robot_nav/share/ament_index/resource_index/packages
[5.964s] symbolically linking /home/rubiores/Documents/PAE/build/robot_nav/package.xml -> /home/rubiores/Documents/PAE/install/robot_nav/share/robot_nav
[5.965s] symbolically linking /home/rubiores/Documents/PAE/build/robot_nav/launch/localization.launch.py -> /home/rubiores/Documents/PAE/install/robot_nav/share/robot_nav/launch
[5.966s] symbolically linking /home/rubiores/Documents/PAE/build/robot_nav/launch/slam.launch.py -> /home/rubiores/Documents/PAE/install/robot_nav/share/robot_nav/launch
[5.967s] symbolically linking /home/rubiores/Documents/PAE/build/robot_nav/launch/motor_controller.launch.py -> /home/rubiores/Documents/PAE/install/robot_nav/share/robot_nav/launch
[5.968s] symbolically linking /home/rubiores/Documents/PAE/build/robot_nav/launch/lidar.launch.py -> /home/rubiores/Documents/PAE/install/robot_nav/share/robot_nav/launch
[5.969s] symbolically linking /home/rubiores/Documents/PAE/build/robot_nav/launch/bringup.launch.py -> /home/rubiores/Documents/PAE/install/robot_nav/share/robot_nav/launch
[5.970s] symbolically linking /home/rubiores/Documents/PAE/build/robot_nav/launch/pico_bridge.launch.py -> /home/rubiores/Documents/PAE/install/robot_nav/share/robot_nav/launch
[5.971s] symbolically linking /home/rubiores/Documents/PAE/build/robot_nav/launch/description.launch.py -> /home/rubiores/Documents/PAE/install/robot_nav/share/robot_nav/launch
[5.972s] symbolically linking /home/rubiores/Documents/PAE/build/robot_nav/launch/navigation.launch.py -> /home/rubiores/Documents/PAE/install/robot_nav/share/robot_nav/launch
[5.973s] symbolically linking /home/rubiores/Documents/PAE/build/robot_nav/launch/teleop.launch.py -> /home/rubiores/Documents/PAE/install/robot_nav/share/robot_nav/launch
[5.974s] symbolically linking /home/rubiores/Documents/PAE/build/robot_nav/urdf/robot.urdf.xacro -> /home/rubiores/Documents/PAE/install/robot_nav/share/robot_nav/urdf
[5.975s] symbolically linking /home/rubiores/Documents/PAE/build/robot_nav/config/localization_params.yaml -> /home/rubiores/Documents/PAE/install/robot_nav/share/robot_nav/config
[5.976s] symbolically linking /home/rubiores/Documents/PAE/build/robot_nav/config/nav2_params.yaml -> /home/rubiores/Documents/PAE/install/robot_nav/share/robot_nav/config
[5.977s] symbolically linking /home/rubiores/Documents/PAE/build/robot_nav/config/mapper_params.yaml -> /home/rubiores/Documents/PAE/install/robot_nav/share/robot_nav/config
[5.978s] symbolically linking /home/rubiores/Documents/PAE/build/robot_nav/config/rviz_config.rviz -> /home/rubiores/Documents/PAE/install/robot_nav/share/robot_nav/config
[5.979s] symbolically linking /home/rubiores/Documents/PAE/build/robot_nav/config/robot_control.yaml -> /home/rubiores/Documents/PAE/install/robot_nav/share/robot_nav/config
[6.138s] Invoked command in '/home/rubiores/Documents/PAE/build/robot_nav' returned '0': PYTHONPATH=/home/rubiores/Documents/PAE/build/robot_nav/prefix_override:/usr/lib/python3/dist-packages/colcon_core/task/python/colcon_distutils_commands:/home/rubiores/Documents/PAE/install/robot_nav/lib/python3.10/site-packages:${PYTHONPATH} /usr/bin/python3 -W ignore:setup.py install is deprecated -W ignore:easy_install command is deprecated setup.py develop --editable --build-directory /home/rubiores/Documents/PAE/build/robot_nav/build --no-deps symlink_data --force
