[3.339s] Invoking command in '/home/rubiores/Documents/PAE/build/robot_nav': PYTHONPATH=/home/rubiores/Documents/PAE/build/robot_nav/prefix_override:/usr/lib/python3/dist-packages/colcon_core/task/python/colcon_distutils_commands:/home/rubiores/Documents/PAE/install/robot_nav/lib/python3.10/site-packages:${PYTHONPATH} /usr/bin/python3 -W ignore:setup.py install is deprecated -W ignore:easy_install command is deprecated setup.py develop --editable --build-directory /home/rubiores/Documents/PAE/build/robot_nav/build --no-deps symlink_data
[4.771s] running develop
[5.856s] running egg_info
[5.857s] writing robot_nav.egg-info/PKG-INFO
[5.858s] writing dependency_links to robot_nav.egg-info/dependency_links.txt
[5.859s] writing entry points to robot_nav.egg-info/entry_points.txt
[5.860s] writing requirements to robot_nav.egg-info/requires.txt
[5.861s] writing top-level names to robot_nav.egg-info/top_level.txt
[5.870s] reading manifest file 'robot_nav.egg-info/SOURCES.txt'
[5.875s] writing manifest file 'robot_nav.egg-info/SOURCES.txt'
[5.880s] running build_ext
[5.881s] Creating /home/rubiores/Documents/PAE/install/robot_nav/lib/python3.10/site-packages/robot-nav.egg-link (link to .)
[5.885s] Installing lidar_node script to /home/rubiores/Documents/PAE/install/robot_nav/lib/robot_nav
[5.886s] Installing motor_controller script to /home/rubiores/Documents/PAE/install/robot_nav/lib/robot_nav
[5.887s] Installing pico_bridge script to /home/rubiores/Documents/PAE/install/robot_nav/lib/robot_nav
[5.888s] Installing pico_odom_node script to /home/rubiores/Documents/PAE/install/robot_nav/lib/robot_nav
[5.889s] Installing teleop_keyboard script to /home/rubiores/Documents/PAE/install/robot_nav/lib/robot_nav
[5.890s] 
[5.891s] Installed /home/rubiores/Documents/PAE/build/robot_nav
[5.891s] running symlink_data
[6.054s] Invoked command in '/home/rubiores/Documents/PAE/build/robot_nav' returned '0': PYTHONPATH=/home/rubiores/Documents/PAE/build/robot_nav/prefix_override:/usr/lib/python3/dist-packages/colcon_core/task/python/colcon_distutils_commands:/home/rubiores/Documents/PAE/install/robot_nav/lib/python3.10/site-packages:${PYTHONPATH} /usr/bin/python3 -W ignore:setup.py install is deprecated -W ignore:easy_install command is deprecated setup.py develop --editable --build-directory /home/rubiores/Documents/PAE/build/robot_nav/build --no-deps symlink_data
