[3.426s] Invoking command in '/home/rubiores/Documents/PAE/build/robot_nav': PYTHONPATH=/home/rubiores/Documents/PAE/build/robot_nav/prefix_override:/usr/lib/python3/dist-packages/colcon_core/task/python/colcon_distutils_commands:/home/rubiores/Documents/PAE/install/robot_nav/lib/python3.10/site-packages:${PYTHONPATH} /usr/bin/python3 -W ignore:setup.py install is deprecated -W ignore:easy_install command is deprecated setup.py develop --editable --build-directory /home/rubiores/Documents/PAE/build/robot_nav/build --no-deps symlink_data
[4.848s] running develop
[5.940s] running egg_info
[5.940s] writing robot_nav.egg-info/PKG-INFO
[5.942s] writing dependency_links to robot_nav.egg-info/dependency_links.txt
[5.943s] writing entry points to robot_nav.egg-info/entry_points.txt
[5.944s] writing requirements to robot_nav.egg-info/requires.txt
[5.944s] writing top-level names to robot_nav.egg-info/top_level.txt
[5.953s] reading manifest file 'robot_nav.egg-info/SOURCES.txt'
[5.959s] writing manifest file 'robot_nav.egg-info/SOURCES.txt'
[5.965s] running build_ext
[5.966s] Creating /home/rubiores/Documents/PAE/install/robot_nav/lib/python3.10/site-packages/robot-nav.egg-link (link to .)
[5.970s] Installing lidar_node script to /home/rubiores/Documents/PAE/install/robot_nav/lib/robot_nav
[5.971s] Installing motor_controller script to /home/rubiores/Documents/PAE/install/robot_nav/lib/robot_nav
[5.971s] Installing pico_bridge script to /home/rubiores/Documents/PAE/install/robot_nav/lib/robot_nav
[5.972s] Installing pico_odom_node script to /home/rubiores/Documents/PAE/install/robot_nav/lib/robot_nav
[5.973s] Installing simple_nav script to /home/rubiores/Documents/PAE/install/robot_nav/lib/robot_nav
[5.974s] Installing teleop_keyboard script to /home/rubiores/Documents/PAE/install/robot_nav/lib/robot_nav
[5.975s] 
[5.976s] Installed /home/rubiores/Documents/PAE/build/robot_nav
[5.976s] running symlink_data
[6.131s] Invoked command in '/home/rubiores/Documents/PAE/build/robot_nav' returned '0': PYTHONPATH=/home/rubiores/Documents/PAE/build/robot_nav/prefix_override:/usr/lib/python3/dist-packages/colcon_core/task/python/colcon_distutils_commands:/home/rubiores/Documents/PAE/install/robot_nav/lib/python3.10/site-packages:${PYTHONPATH} /usr/bin/python3 -W ignore:setup.py install is deprecated -W ignore:easy_install command is deprecated setup.py develop --editable --build-directory /home/rubiores/Documents/PAE/build/robot_nav/build --no-deps symlink_data
