[0.486s] DEBUG:colcon:Command line arguments: ['/usr/bin/colcon', 'build', '--packages-select', 'robot_nav', '--symlink-install']
[0.486s] DEBUG:colcon:Parsed command line arguments: Namespace(log_base=None, log_level=None, verb_name='build', build_base='build', install_base='install', merge_install=False, symlink_install=True, test_result_base=None, continue_on_error=False, executor='parallel', parallel_workers=4, event_handlers=None, ignore_user_meta=False, metas=['./colcon.meta'], base_paths=['.'], packages_ignore=None, packages_ignore_regex=None, paths=None, packages_up_to=None, packages_up_to_regex=None, packages_above=None, packages_above_and_dependencies=None, packages_above_depth=None, packages_select_by_dep=None, packages_skip_by_dep=None, packages_skip_up_to=None, packages_select_build_failed=False, packages_skip_build_finished=False, packages_select_test_failures=False, packages_skip_test_passed=False, packages_select=['robot_nav'], packages_skip=None, packages_select_regex=None, packages_skip_regex=None, packages_start=None, packages_end=None, allow_overriding=[], cmake_args=None, cmake_target=None, cmake_target_skip_unavailable=False, cmake_clean_cache=False, cmake_clean_first=False, cmake_force_configure=False, ament_cmake_args=None, catkin_cmake_args=None, catkin_skip_building_tests=False, mixin_files=None, mixin=None, verb_parser=<colcon_mixin.mixin.mixin_argument.MixinArgumentDecorator object at 0xffff8d2e6620>, verb_extension=<colcon_core.verb.build.BuildVerb object at 0xffff8d493520>, main=<bound method BuildVerb.main of <colcon_core.verb.build.BuildVerb object at 0xffff8d493520>>, mixin_verb=('build',))
[1.569s] Level 1:colcon.colcon_core.package_discovery:discover_packages(colcon_meta) check parameters
[1.570s] Level 1:colcon.colcon_core.package_discovery:discover_packages(recursive) check parameters
[1.570s] Level 1:colcon.colcon_core.package_discovery:discover_packages(ignore) check parameters
[1.570s] Level 1:colcon.colcon_core.package_discovery:discover_packages(path) check parameters
[1.570s] Level 1:colcon.colcon_core.package_discovery:discover_packages(colcon_meta) discover
[1.571s] Level 1:colcon.colcon_core.package_discovery:discover_packages(recursive) discover
[1.571s] INFO:colcon.colcon_core.package_discovery:Crawling recursively for packages in '/home/rubiores/Documents/PAE'
[1.572s] Level 1:colcon.colcon_core.package_identification:_identify(.) by extensions ['ignore', 'ignore_ament_install']
[1.572s] Level 1:colcon.colcon_core.package_identification:_identify(.) by extension 'ignore'
[1.572s] Level 1:colcon.colcon_core.package_identification:_identify(.) by extension 'ignore_ament_install'
[1.572s] Level 1:colcon.colcon_core.package_identification:_identify(.) by extensions ['colcon_pkg']
[1.573s] Level 1:colcon.colcon_core.package_identification:_identify(.) by extension 'colcon_pkg'
[1.573s] Level 1:colcon.colcon_core.package_identification:_identify(.) by extensions ['colcon_meta']
[1.573s] Level 1:colcon.colcon_core.package_identification:_identify(.) by extension 'colcon_meta'
[1.573s] Level 1:colcon.colcon_core.package_identification:_identify(.) by extensions ['ros']
[1.573s] Level 1:colcon.colcon_core.package_identification:_identify(.) by extension 'ros'
[1.652s] Level 1:colcon.colcon_core.package_identification:_identify(.) by extensions ['cmake', 'python']
[1.652s] Level 1:colcon.colcon_core.package_identification:_identify(.) by extension 'cmake'
[1.652s] Level 1:colcon.colcon_core.package_identification:_identify(.) by extension 'python'
[1.653s] Level 1:colcon.colcon_core.package_identification:_identify(.) by extensions ['python_setup_py']
[1.653s] Level 1:colcon.colcon_core.package_identification:_identify(.) by extension 'python_setup_py'
[1.653s] Level 1:colcon.colcon_core.package_identification:_identify(build) by extensions ['ignore', 'ignore_ament_install']
[1.654s] Level 1:colcon.colcon_core.package_identification:_identify(build) by extension 'ignore'
[1.654s] Level 1:colcon.colcon_core.package_identification:_identify(build) ignored
[1.654s] Level 1:colcon.colcon_core.package_identification:_identify(install) by extensions ['ignore', 'ignore_ament_install']
[1.655s] Level 1:colcon.colcon_core.package_identification:_identify(install) by extension 'ignore'
[1.655s] Level 1:colcon.colcon_core.package_identification:_identify(install) ignored
[1.655s] Level 1:colcon.colcon_core.package_identification:_identify(log) by extensions ['ignore', 'ignore_ament_install']
[1.656s] Level 1:colcon.colcon_core.package_identification:_identify(log) by extension 'ignore'
[1.656s] Level 1:colcon.colcon_core.package_identification:_identify(log) ignored
[1.656s] Level 1:colcon.colcon_core.package_identification:_identify(src) by extensions ['ignore', 'ignore_ament_install']
[1.657s] Level 1:colcon.colcon_core.package_identification:_identify(src) by extension 'ignore'
[1.657s] Level 1:colcon.colcon_core.package_identification:_identify(src) by extension 'ignore_ament_install'
[1.657s] Level 1:colcon.colcon_core.package_identification:_identify(src) by extensions ['colcon_pkg']
[1.657s] Level 1:colcon.colcon_core.package_identification:_identify(src) by extension 'colcon_pkg'
[1.657s] Level 1:colcon.colcon_core.package_identification:_identify(src) by extensions ['colcon_meta']
[1.658s] Level 1:colcon.colcon_core.package_identification:_identify(src) by extension 'colcon_meta'
[1.658s] Level 1:colcon.colcon_core.package_identification:_identify(src) by extensions ['ros']
[1.658s] Level 1:colcon.colcon_core.package_identification:_identify(src) by extension 'ros'
[1.658s] Level 1:colcon.colcon_core.package_identification:_identify(src) by extensions ['cmake', 'python']
[1.658s] Level 1:colcon.colcon_core.package_identification:_identify(src) by extension 'cmake'
[1.659s] Level 1:colcon.colcon_core.package_identification:_identify(src) by extension 'python'
[1.659s] Level 1:colcon.colcon_core.package_identification:_identify(src) by extensions ['python_setup_py']
[1.659s] Level 1:colcon.colcon_core.package_identification:_identify(src) by extension 'python_setup_py'
[1.659s] Level 1:colcon.colcon_core.package_identification:_identify(src/joint_state_publisher) by extensions ['ignore', 'ignore_ament_install']
[1.660s] Level 1:colcon.colcon_core.package_identification:_identify(src/joint_state_publisher) by extension 'ignore'
[1.660s] Level 1:colcon.colcon_core.package_identification:_identify(src/joint_state_publisher) by extension 'ignore_ament_install'
[1.660s] Level 1:colcon.colcon_core.package_identification:_identify(src/joint_state_publisher) by extensions ['colcon_pkg']
[1.660s] Level 1:colcon.colcon_core.package_identification:_identify(src/joint_state_publisher) by extension 'colcon_pkg'
[1.660s] Level 1:colcon.colcon_core.package_identification:_identify(src/joint_state_publisher) by extensions ['colcon_meta']
[1.660s] Level 1:colcon.colcon_core.package_identification:_identify(src/joint_state_publisher) by extension 'colcon_meta'
[1.661s] Level 1:colcon.colcon_core.package_identification:_identify(src/joint_state_publisher) by extensions ['ros']
[1.661s] Level 1:colcon.colcon_core.package_identification:_identify(src/joint_state_publisher) by extension 'ros'
[1.661s] Level 1:colcon.colcon_core.package_identification:_identify(src/joint_state_publisher) by extensions ['cmake', 'python']
[1.661s] Level 1:colcon.colcon_core.package_identification:_identify(src/joint_state_publisher) by extension 'cmake'
[1.661s] Level 1:colcon.colcon_core.package_identification:_identify(src/joint_state_publisher) by extension 'python'
[1.662s] Level 1:colcon.colcon_core.package_identification:_identify(src/joint_state_publisher) by extensions ['python_setup_py']
[1.662s] Level 1:colcon.colcon_core.package_identification:_identify(src/joint_state_publisher) by extension 'python_setup_py'
[1.662s] Level 1:colcon.colcon_core.package_identification:_identify(src/joint_state_publisher/joint_state_publisher) by extensions ['ignore', 'ignore_ament_install']
[1.663s] Level 1:colcon.colcon_core.package_identification:_identify(src/joint_state_publisher/joint_state_publisher) by extension 'ignore'
[1.663s] Level 1:colcon.colcon_core.package_identification:_identify(src/joint_state_publisher/joint_state_publisher) by extension 'ignore_ament_install'
[1.663s] Level 1:colcon.colcon_core.package_identification:_identify(src/joint_state_publisher/joint_state_publisher) by extensions ['colcon_pkg']
[1.663s] Level 1:colcon.colcon_core.package_identification:_identify(src/joint_state_publisher/joint_state_publisher) by extension 'colcon_pkg'
[1.663s] Level 1:colcon.colcon_core.package_identification:_identify(src/joint_state_publisher/joint_state_publisher) by extensions ['colcon_meta']
[1.663s] Level 1:colcon.colcon_core.package_identification:_identify(src/joint_state_publisher/joint_state_publisher) by extension 'colcon_meta'
[1.664s] Level 1:colcon.colcon_core.package_identification:_identify(src/joint_state_publisher/joint_state_publisher) by extensions ['ros']
[1.664s] Level 1:colcon.colcon_core.package_identification:_identify(src/joint_state_publisher/joint_state_publisher) by extension 'ros'
[1.673s] DEBUG:colcon.colcon_core.package_identification:Package 'src/joint_state_publisher/joint_state_publisher' with type 'ros.ament_python' and name 'joint_state_publisher'
[1.674s] Level 1:colcon.colcon_core.package_identification:_identify(src/joint_state_publisher/joint_state_publisher_gui) by extensions ['ignore', 'ignore_ament_install']
[1.674s] Level 1:colcon.colcon_core.package_identification:_identify(src/joint_state_publisher/joint_state_publisher_gui) by extension 'ignore'
[1.675s] Level 1:colcon.colcon_core.package_identification:_identify(src/joint_state_publisher/joint_state_publisher_gui) by extension 'ignore_ament_install'
[1.675s] Level 1:colcon.colcon_core.package_identification:_identify(src/joint_state_publisher/joint_state_publisher_gui) by extensions ['colcon_pkg']
[1.675s] Level 1:colcon.colcon_core.package_identification:_identify(src/joint_state_publisher/joint_state_publisher_gui) by extension 'colcon_pkg'
[1.675s] Level 1:colcon.colcon_core.package_identification:_identify(src/joint_state_publisher/joint_state_publisher_gui) by extensions ['colcon_meta']
[1.675s] Level 1:colcon.colcon_core.package_identification:_identify(src/joint_state_publisher/joint_state_publisher_gui) by extension 'colcon_meta'
[1.676s] Level 1:colcon.colcon_core.package_identification:_identify(src/joint_state_publisher/joint_state_publisher_gui) by extensions ['ros']
[1.676s] Level 1:colcon.colcon_core.package_identification:_identify(src/joint_state_publisher/joint_state_publisher_gui) by extension 'ros'
[1.678s] DEBUG:colcon.colcon_core.package_identification:Package 'src/joint_state_publisher/joint_state_publisher_gui' with type 'ros.ament_python' and name 'joint_state_publisher_gui'
[1.679s] Level 1:colcon.colcon_core.package_identification:_identify(src/my_robot) by extensions ['ignore', 'ignore_ament_install']
[1.679s] Level 1:colcon.colcon_core.package_identification:_identify(src/my_robot) by extension 'ignore'
[1.679s] Level 1:colcon.colcon_core.package_identification:_identify(src/my_robot) by extension 'ignore_ament_install'
[1.680s] Level 1:colcon.colcon_core.package_identification:_identify(src/my_robot) by extensions ['colcon_pkg']
[1.680s] Level 1:colcon.colcon_core.package_identification:_identify(src/my_robot) by extension 'colcon_pkg'
[1.680s] Level 1:colcon.colcon_core.package_identification:_identify(src/my_robot) by extensions ['colcon_meta']
[1.680s] Level 1:colcon.colcon_core.package_identification:_identify(src/my_robot) by extension 'colcon_meta'
[1.680s] Level 1:colcon.colcon_core.package_identification:_identify(src/my_robot) by extensions ['ros']
[1.681s] Level 1:colcon.colcon_core.package_identification:_identify(src/my_robot) by extension 'ros'
[1.682s] DEBUG:colcon.colcon_core.package_identification:Package 'src/my_robot' with type 'ros.ament_python' and name 'my_robot'
[1.683s] Level 1:colcon.colcon_core.package_identification:_identify(src/pico_odom) by extensions ['ignore', 'ignore_ament_install']
[1.683s] Level 1:colcon.colcon_core.package_identification:_identify(src/pico_odom) by extension 'ignore'
[1.684s] Level 1:colcon.colcon_core.package_identification:_identify(src/pico_odom) by extension 'ignore_ament_install'
[1.684s] Level 1:colcon.colcon_core.package_identification:_identify(src/pico_odom) by extensions ['colcon_pkg']
[1.684s] Level 1:colcon.colcon_core.package_identification:_identify(src/pico_odom) by extension 'colcon_pkg'
[1.684s] Level 1:colcon.colcon_core.package_identification:_identify(src/pico_odom) by extensions ['colcon_meta']
[1.685s] Level 1:colcon.colcon_core.package_identification:_identify(src/pico_odom) by extension 'colcon_meta'
[1.685s] Level 1:colcon.colcon_core.package_identification:_identify(src/pico_odom) by extensions ['ros']
[1.685s] Level 1:colcon.colcon_core.package_identification:_identify(src/pico_odom) by extension 'ros'
[1.687s] DEBUG:colcon.colcon_core.package_identification:Package 'src/pico_odom' with type 'ros.ament_python' and name 'pico_odom'
[1.688s] Level 1:colcon.colcon_core.package_identification:_identify(src/robot_nav) by extensions ['ignore', 'ignore_ament_install']
[1.688s] Level 1:colcon.colcon_core.package_identification:_identify(src/robot_nav) by extension 'ignore'
[1.688s] Level 1:colcon.colcon_core.package_identification:_identify(src/robot_nav) by extension 'ignore_ament_install'
[1.688s] Level 1:colcon.colcon_core.package_identification:_identify(src/robot_nav) by extensions ['colcon_pkg']
[1.689s] Level 1:colcon.colcon_core.package_identification:_identify(src/robot_nav) by extension 'colcon_pkg'
[1.689s] Level 1:colcon.colcon_core.package_identification:_identify(src/robot_nav) by extensions ['colcon_meta']
[1.689s] Level 1:colcon.colcon_core.package_identification:_identify(src/robot_nav) by extension 'colcon_meta'
[1.689s] Level 1:colcon.colcon_core.package_identification:_identify(src/robot_nav) by extensions ['ros']
[1.689s] Level 1:colcon.colcon_core.package_identification:_identify(src/robot_nav) by extension 'ros'
[1.691s] DEBUG:colcon.colcon_core.package_identification:Package 'src/robot_nav' with type 'ros.ament_python' and name 'robot_nav'
[1.691s] Level 1:colcon.colcon_core.package_discovery:discover_packages(recursive) using defaults
[1.692s] Level 1:colcon.colcon_core.package_discovery:discover_packages(ignore) discover
[1.692s] Level 1:colcon.colcon_core.package_discovery:discover_packages(ignore) using defaults
[1.692s] Level 1:colcon.colcon_core.package_discovery:discover_packages(path) discover
[1.692s] Level 1:colcon.colcon_core.package_discovery:discover_packages(path) using defaults
[1.773s] INFO:colcon.colcon_core.package_selection:Skipping not selected package 'joint_state_publisher' in 'src/joint_state_publisher/joint_state_publisher'
[1.773s] INFO:colcon.colcon_core.package_selection:Skipping not selected package 'my_robot' in 'src/my_robot'
[1.773s] INFO:colcon.colcon_core.package_selection:Skipping not selected package 'pico_odom' in 'src/pico_odom'
[1.773s] INFO:colcon.colcon_core.package_selection:Skipping not selected package 'joint_state_publisher_gui' in 'src/joint_state_publisher/joint_state_publisher_gui'
[1.775s] Level 1:colcon.colcon_core.package_discovery:discover_packages(prefix_path) check parameters
[1.775s] Level 1:colcon.colcon_core.package_discovery:discover_packages(prefix_path) discover
[1.783s] DEBUG:colcon.colcon_installed_package_information.package_discovery:Found 1 installed packages in /home/rubiores/Documents/PAE/install
[1.794s] DEBUG:colcon.colcon_installed_package_information.package_discovery:Found 344 installed packages in /opt/ros/humble
[1.802s] Level 1:colcon.colcon_core.package_discovery:discover_packages(prefix_path) using defaults
[1.998s] Level 5:colcon.colcon_core.verb:set package 'robot_nav' build argument 'cmake_args' from command line to 'None'
[1.998s] Level 5:colcon.colcon_core.verb:set package 'robot_nav' build argument 'cmake_target' from command line to 'None'
[1.999s] Level 5:colcon.colcon_core.verb:set package 'robot_nav' build argument 'cmake_target_skip_unavailable' from command line to 'False'
[1.999s] Level 5:colcon.colcon_core.verb:set package 'robot_nav' build argument 'cmake_clean_cache' from command line to 'False'
[1.999s] Level 5:colcon.colcon_core.verb:set package 'robot_nav' build argument 'cmake_clean_first' from command line to 'False'
[1.999s] Level 5:colcon.colcon_core.verb:set package 'robot_nav' build argument 'cmake_force_configure' from command line to 'False'
[1.999s] Level 5:colcon.colcon_core.verb:set package 'robot_nav' build argument 'ament_cmake_args' from command line to 'None'
[1.999s] Level 5:colcon.colcon_core.verb:set package 'robot_nav' build argument 'catkin_cmake_args' from command line to 'None'
[1.999s] Level 5:colcon.colcon_core.verb:set package 'robot_nav' build argument 'catkin_skip_building_tests' from command line to 'False'
[1.999s] DEBUG:colcon.colcon_core.verb:Building package 'robot_nav' with the following arguments: {'ament_cmake_args': None, 'build_base': '/home/rubiores/Documents/PAE/build/robot_nav', 'catkin_cmake_args': None, 'catkin_skip_building_tests': False, 'cmake_args': None, 'cmake_clean_cache': False, 'cmake_clean_first': False, 'cmake_force_configure': False, 'cmake_target': None, 'cmake_target_skip_unavailable': False, 'install_base': '/home/rubiores/Documents/PAE/install/robot_nav', 'merge_install': False, 'path': '/home/rubiores/Documents/PAE/src/robot_nav', 'symlink_install': True, 'test_result_base': None}
[2.000s] INFO:colcon.colcon_core.executor:Executing jobs using 'parallel' executor
[2.003s] DEBUG:colcon.colcon_parallel_executor.executor.parallel:run_until_complete
[2.004s] INFO:colcon.colcon_ros.task.ament_python.build:Building ROS package in '/home/rubiores/Documents/PAE/src/robot_nav' with build type 'ament_python'
[2.005s] Level 1:colcon.colcon_core.shell:create_environment_hook('robot_nav', 'ament_prefix_path')
[2.014s] INFO:colcon.colcon_core.plugin_system:Skipping extension 'colcon_core.shell.bat': Not used on non-Windows systems
[2.015s] INFO:colcon.colcon_core.shell:Creating environment hook '/home/rubiores/Documents/PAE/install/robot_nav/share/robot_nav/hook/ament_prefix_path.ps1'
[2.018s] INFO:colcon.colcon_core.shell:Creating environment descriptor '/home/rubiores/Documents/PAE/install/robot_nav/share/robot_nav/hook/ament_prefix_path.dsv'
[2.020s] INFO:colcon.colcon_core.shell:Creating environment hook '/home/rubiores/Documents/PAE/install/robot_nav/share/robot_nav/hook/ament_prefix_path.sh'
[2.024s] INFO:colcon.colcon_core.shell:Skip shell extension 'powershell' for command environment: Not usable outside of PowerShell
[2.024s] DEBUG:colcon.colcon_core.shell:Skip shell extension 'dsv' for command environment
[3.496s] INFO:colcon.colcon_core.task.python.build:Building Python package in '/home/rubiores/Documents/PAE/src/robot_nav'
[3.497s] INFO:colcon.colcon_core.shell:Skip shell extension 'powershell' for command environment: Not usable outside of PowerShell
[3.497s] DEBUG:colcon.colcon_core.shell:Skip shell extension 'dsv' for command environment
[5.379s] DEBUG:colcon.colcon_core.event_handler.log_command:Invoking command in '/home/rubiores/Documents/PAE/build/robot_nav': PYTHONPATH=/home/rubiores/Documents/PAE/build/robot_nav/prefix_override:/usr/lib/python3/dist-packages/colcon_core/task/python/colcon_distutils_commands:/home/rubiores/Documents/PAE/install/robot_nav/lib/python3.10/site-packages:${PYTHONPATH} /usr/bin/python3 -W ignore:setup.py install is deprecated -W ignore:easy_install command is deprecated setup.py develop --editable --build-directory /home/rubiores/Documents/PAE/build/robot_nav/build --no-deps symlink_data
[8.112s] Level 1:colcon.colcon_core.shell:create_environment_hook('robot_nav', 'pythonpath_develop')
[8.114s] INFO:colcon.colcon_core.shell:Creating environment hook '/home/rubiores/Documents/PAE/build/robot_nav/share/robot_nav/hook/pythonpath_develop.ps1'
[8.117s] DEBUG:colcon.colcon_core.event_handler.log_command:Invoked command in '/home/rubiores/Documents/PAE/build/robot_nav' returned '0': PYTHONPATH=/home/rubiores/Documents/PAE/build/robot_nav/prefix_override:/usr/lib/python3/dist-packages/colcon_core/task/python/colcon_distutils_commands:/home/rubiores/Documents/PAE/install/robot_nav/lib/python3.10/site-packages:${PYTHONPATH} /usr/bin/python3 -W ignore:setup.py install is deprecated -W ignore:easy_install command is deprecated setup.py develop --editable --build-directory /home/rubiores/Documents/PAE/build/robot_nav/build --no-deps symlink_data
[8.117s] INFO:colcon.colcon_core.shell:Creating environment descriptor '/home/rubiores/Documents/PAE/build/robot_nav/share/robot_nav/hook/pythonpath_develop.dsv'
[8.120s] INFO:colcon.colcon_core.shell:Creating environment hook '/home/rubiores/Documents/PAE/build/robot_nav/share/robot_nav/hook/pythonpath_develop.sh'
[8.136s] Level 1:colcon.colcon_core.environment:checking '/home/rubiores/Documents/PAE/install/robot_nav' for CMake module files
[8.138s] Level 1:colcon.colcon_core.environment:checking '/home/rubiores/Documents/PAE/install/robot_nav' for CMake config files
[8.143s] Level 1:colcon.colcon_core.environment:checking '/home/rubiores/Documents/PAE/install/robot_nav/lib'
[8.144s] Level 1:colcon.colcon_core.environment:checking '/home/rubiores/Documents/PAE/install/robot_nav/bin'
[8.144s] Level 1:colcon.colcon_core.environment:checking '/home/rubiores/Documents/PAE/install/robot_nav/lib/pkgconfig/robot_nav.pc'
[8.145s] Level 1:colcon.colcon_core.environment:checking '/home/rubiores/Documents/PAE/install/robot_nav/lib/python3.10/site-packages'
[8.145s] Level 1:colcon.colcon_core.shell:create_environment_hook('robot_nav', 'pythonpath')
[8.146s] INFO:colcon.colcon_core.shell:Creating environment hook '/home/rubiores/Documents/PAE/install/robot_nav/share/robot_nav/hook/pythonpath.ps1'
[8.149s] INFO:colcon.colcon_core.shell:Creating environment descriptor '/home/rubiores/Documents/PAE/install/robot_nav/share/robot_nav/hook/pythonpath.dsv'
[8.151s] INFO:colcon.colcon_core.shell:Creating environment hook '/home/rubiores/Documents/PAE/install/robot_nav/share/robot_nav/hook/pythonpath.sh'
[8.154s] Level 1:colcon.colcon_core.environment:checking '/home/rubiores/Documents/PAE/install/robot_nav/bin'
[8.154s] Level 1:colcon.colcon_core.environment:create_environment_scripts_only(robot_nav)
[8.156s] INFO:colcon.colcon_core.shell:Creating package script '/home/rubiores/Documents/PAE/install/robot_nav/share/robot_nav/package.ps1'
[8.159s] INFO:colcon.colcon_core.shell:Creating package descriptor '/home/rubiores/Documents/PAE/install/robot_nav/share/robot_nav/package.dsv'
[8.162s] INFO:colcon.colcon_core.shell:Creating package script '/home/rubiores/Documents/PAE/install/robot_nav/share/robot_nav/package.sh'
[8.166s] INFO:colcon.colcon_core.shell:Creating package script '/home/rubiores/Documents/PAE/install/robot_nav/share/robot_nav/package.bash'
[8.169s] INFO:colcon.colcon_core.shell:Creating package script '/home/rubiores/Documents/PAE/install/robot_nav/share/robot_nav/package.zsh'
[8.172s] Level 1:colcon.colcon_core.environment:create_file_with_runtime_dependencies(/home/rubiores/Documents/PAE/install/robot_nav/share/colcon-core/packages/robot_nav)
[8.173s] DEBUG:colcon.colcon_parallel_executor.executor.parallel:closing loop
[8.174s] DEBUG:colcon.colcon_parallel_executor.executor.parallel:loop closed
[8.175s] DEBUG:colcon.colcon_parallel_executor.executor.parallel:run_until_complete finished with '0'
[8.175s] DEBUG:colcon.colcon_core.event_reactor:joining thread
[8.197s] INFO:colcon.colcon_core.plugin_system:Skipping extension 'colcon_notification.desktop_notification.terminal_notifier': Not used on non-Darwin systems
[8.198s] INFO:colcon.colcon_core.plugin_system:Skipping extension 'colcon_notification.desktop_notification.win32': Not used on non-Windows systems
[8.198s] INFO:colcon.colcon_notification.desktop_notification:Sending desktop notification using 'notify2'
[8.249s] DEBUG:colcon.colcon_core.event_reactor:joined thread
[8.251s] INFO:colcon.colcon_core.shell:Creating prefix script '/home/rubiores/Documents/PAE/install/local_setup.ps1'
[8.258s] INFO:colcon.colcon_core.shell:Creating prefix util module '/home/rubiores/Documents/PAE/install/_local_setup_util_ps1.py'
[8.268s] INFO:colcon.colcon_core.shell:Creating prefix chain script '/home/rubiores/Documents/PAE/install/setup.ps1'
[8.276s] INFO:colcon.colcon_core.shell:Creating prefix script '/home/rubiores/Documents/PAE/install/local_setup.sh'
[8.280s] INFO:colcon.colcon_core.shell:Creating prefix util module '/home/rubiores/Documents/PAE/install/_local_setup_util_sh.py'
[8.284s] INFO:colcon.colcon_core.shell:Creating prefix chain script '/home/rubiores/Documents/PAE/install/setup.sh'
[8.291s] INFO:colcon.colcon_core.shell:Creating prefix script '/home/rubiores/Documents/PAE/install/local_setup.bash'
[8.295s] INFO:colcon.colcon_core.shell:Creating prefix chain script '/home/rubiores/Documents/PAE/install/setup.bash'
[8.301s] INFO:colcon.colcon_core.shell:Creating prefix script '/home/rubiores/Documents/PAE/install/local_setup.zsh'
[8.304s] INFO:colcon.colcon_core.shell:Creating prefix chain script '/home/rubiores/Documents/PAE/install/setup.zsh'
