[3.400s] Invoking command in '/home/rubiores/Documents/PAE/build/robot_nav': PYTHONPATH=/home/rubiores/Documents/PAE/build/robot_nav/prefix_override:/usr/lib/python3/dist-packages/colcon_core/task/python/colcon_distutils_commands:/home/rubiores/Documents/PAE/install/robot_nav/lib/python3.10/site-packages:${PYTHONPATH} /usr/bin/python3 -W ignore:setup.py install is deprecated -W ignore:easy_install command is deprecated setup.py develop --editable --build-directory /home/rubiores/Documents/PAE/build/robot_nav/build --no-deps symlink_data
[4.846s] running develop
[5.967s] running egg_info
[5.968s] writing robot_nav.egg-info/PKG-INFO
[5.969s] writing dependency_links to robot_nav.egg-info/dependency_links.txt
[5.970s] writing entry points to robot_nav.egg-info/entry_points.txt
[5.971s] writing requirements to robot_nav.egg-info/requires.txt
[5.972s] writing top-level names to robot_nav.egg-info/top_level.txt
[5.981s] reading manifest file 'robot_nav.egg-info/SOURCES.txt'
[5.987s] writing manifest file 'robot_nav.egg-info/SOURCES.txt'
[5.993s] running build_ext
[5.994s] Creating /home/rubiores/Documents/PAE/install/robot_nav/lib/python3.10/site-packages/robot-nav.egg-link (link to .)
[5.998s] Installing lidar_node script to /home/rubiores/Documents/PAE/install/robot_nav/lib/robot_nav
[5.999s] Installing motor_controller script to /home/rubiores/Documents/PAE/install/robot_nav/lib/robot_nav
[5.999s] Installing pico_bridge script to /home/rubiores/Documents/PAE/install/robot_nav/lib/robot_nav
[6.000s] Installing pico_odom_node script to /home/rubiores/Documents/PAE/install/robot_nav/lib/robot_nav
[6.001s] Installing simple_nav script to /home/rubiores/Documents/PAE/install/robot_nav/lib/robot_nav
[6.002s] Installing teleop_keyboard script to /home/rubiores/Documents/PAE/install/robot_nav/lib/robot_nav
[6.003s] 
[6.004s] Installed /home/rubiores/Documents/PAE/build/robot_nav
[6.004s] running symlink_data
[6.163s] Invoked command in '/home/rubiores/Documents/PAE/build/robot_nav' returned '0': PYTHONPATH=/home/rubiores/Documents/PAE/build/robot_nav/prefix_override:/usr/lib/python3/dist-packages/colcon_core/task/python/colcon_distutils_commands:/home/rubiores/Documents/PAE/install/robot_nav/lib/python3.10/site-packages:${PYTHONPATH} /usr/bin/python3 -W ignore:setup.py install is deprecated -W ignore:easy_install command is deprecated setup.py develop --editable --build-directory /home/rubiores/Documents/PAE/build/robot_nav/build --no-deps symlink_data
