running develop
running egg_info
creating robot_nav.egg-info
writing robot_nav.egg-info/PKG-INFO
writing dependency_links to robot_nav.egg-info/dependency_links.txt
writing entry points to robot_nav.egg-info/entry_points.txt
writing requirements to robot_nav.egg-info/requires.txt
writing top-level names to robot_nav.egg-info/top_level.txt
writing manifest file 'robot_nav.egg-info/SOURCES.txt'
reading manifest file 'robot_nav.egg-info/SOURCES.txt'
writing manifest file 'robot_nav.egg-info/SOURCES.txt'
running build_ext
Creating /home/rubiores/Documents/PAE/install/robot_nav/lib/python3.10/site-packages/robot-nav.egg-link (link to .)
Installing lidar_node script to /home/rubiores/Documents/PAE/install/robot_nav/lib/robot_nav
Installing motor_controller script to /home/rubiores/Documents/PAE/install/robot_nav/lib/robot_nav
Installing pico_bridge script to /home/rubiores/Documents/PAE/install/robot_nav/lib/robot_nav
Installing pico_odom_node script to /home/rubiores/Documents/PAE/install/robot_nav/lib/robot_nav
Installing teleop_keyboard script to /home/rubiores/Documents/PAE/install/robot_nav/lib/robot_nav

Installed /home/rubiores/Documents/PAE/build/robot_nav
running symlink_data
creating /home/rubiores/Documents/PAE/install/robot_nav/share/ament_index
creating /home/rubiores/Documents/PAE/install/robot_nav/share/ament_index/resource_index
creating /home/rubiores/Documents/PAE/install/robot_nav/share/ament_index/resource_index/packages
symbolically linking /home/rubiores/Documents/PAE/build/robot_nav/resource/robot_nav -> /home/rubiores/Documents/PAE/install/robot_nav/share/ament_index/resource_index/packages
symbolically linking /home/rubiores/Documents/PAE/build/robot_nav/package.xml -> /home/rubiores/Documents/PAE/install/robot_nav/share/robot_nav
creating /home/rubiores/Documents/PAE/install/robot_nav/share/robot_nav/launch
symbolically linking /home/rubiores/Documents/PAE/build/robot_nav/launch/localization.launch.py -> /home/rubiores/Documents/PAE/install/robot_nav/share/robot_nav/launch
symbolically linking /home/rubiores/Documents/PAE/build/robot_nav/launch/slam.launch.py -> /home/rubiores/Documents/PAE/install/robot_nav/share/robot_nav/launch
symbolically linking /home/rubiores/Documents/PAE/build/robot_nav/launch/motor_controller.launch.py -> /home/rubiores/Documents/PAE/install/robot_nav/share/robot_nav/launch
symbolically linking /home/rubiores/Documents/PAE/build/robot_nav/launch/lidar.launch.py -> /home/rubiores/Documents/PAE/install/robot_nav/share/robot_nav/launch
symbolically linking /home/rubiores/Documents/PAE/build/robot_nav/launch/bringup.launch.py -> /home/rubiores/Documents/PAE/install/robot_nav/share/robot_nav/launch
symbolically linking /home/rubiores/Documents/PAE/build/robot_nav/launch/pico_bridge.launch.py -> /home/rubiores/Documents/PAE/install/robot_nav/share/robot_nav/launch
symbolically linking /home/rubiores/Documents/PAE/build/robot_nav/launch/description.launch.py -> /home/rubiores/Documents/PAE/install/robot_nav/share/robot_nav/launch
symbolically linking /home/rubiores/Documents/PAE/build/robot_nav/launch/navigation.launch.py -> /home/rubiores/Documents/PAE/install/robot_nav/share/robot_nav/launch
symbolically linking /home/rubiores/Documents/PAE/build/robot_nav/launch/teleop.launch.py -> /home/rubiores/Documents/PAE/install/robot_nav/share/robot_nav/launch
creating /home/rubiores/Documents/PAE/install/robot_nav/share/robot_nav/urdf
symbolically linking /home/rubiores/Documents/PAE/build/robot_nav/urdf/robot.urdf.xacro -> /home/rubiores/Documents/PAE/install/robot_nav/share/robot_nav/urdf
creating /home/rubiores/Documents/PAE/install/robot_nav/share/robot_nav/config
symbolically linking /home/rubiores/Documents/PAE/build/robot_nav/config/localization_params.yaml -> /home/rubiores/Documents/PAE/install/robot_nav/share/robot_nav/config
symbolically linking /home/rubiores/Documents/PAE/build/robot_nav/config/nav2_params.yaml -> /home/rubiores/Documents/PAE/install/robot_nav/share/robot_nav/config
symbolically linking /home/rubiores/Documents/PAE/build/robot_nav/config/mapper_params.yaml -> /home/rubiores/Documents/PAE/install/robot_nav/share/robot_nav/config
symbolically linking /home/rubiores/Documents/PAE/build/robot_nav/config/rviz_config.rviz -> /home/rubiores/Documents/PAE/install/robot_nav/share/robot_nav/config
symbolically linking /home/rubiores/Documents/PAE/build/robot_nav/config/robot_control.yaml -> /home/rubiores/Documents/PAE/install/robot_nav/share/robot_nav/config
