[3.346s] Invoking command in '/home/rubiores/Documents/PAE/build/robot_nav': PYTHONPATH=/home/rubiores/Documents/PAE/build/robot_nav/prefix_override:/usr/lib/python3/dist-packages/colcon_core/task/python/colcon_distutils_commands:/home/rubiores/Documents/PAE/install/robot_nav/lib/python3.10/site-packages:${PYTHONPATH} /usr/bin/python3 -W ignore:setup.py install is deprecated -W ignore:easy_install command is deprecated setup.py develop --uninstall --editable --build-directory /home/rubiores/Documents/PAE/build/robot_nav/build
[4.776s] running develop
[5.878s] Removing /home/rubiores/Documents/PAE/install/robot_nav/lib/python3.10/site-packages/robot-nav.egg-link (link to .)
[6.024s] Invoked command in '/home/rubiores/Documents/PAE/build/robot_nav' returned '0': PYTHONPATH=/home/rubiores/Documents/PAE/build/robot_nav/prefix_override:/usr/lib/python3/dist-packages/colcon_core/task/python/colcon_distutils_commands:/home/rubiores/Documents/PAE/install/robot_nav/lib/python3.10/site-packages:${PYTHONPATH} /usr/bin/python3 -W ignore:setup.py install is deprecated -W ignore:easy_install command is deprecated setup.py develop --uninstall --editable --build-directory /home/rubiores/Documents/PAE/build/robot_nav/build
[6.034s] Invoking command in '/home/rubiores/Documents/PAE/src/robot_nav': PYTHONPATH=/home/rubiores/Documents/PAE/build/robot_nav/prefix_override:/usr/lib/python3/dist-packages/colcon_core/task/python/colcon_distutils_commands:/home/rubiores/Documents/PAE/install/robot_nav/lib/python3.10/site-packages:${PYTHONPATH} /usr/bin/python3 -W ignore:setup.py install is deprecated -W ignore:easy_install command is deprecated setup.py egg_info --egg-base ../../build/robot_nav build --build-base /home/rubiores/Documents/PAE/build/robot_nav/build install --record /home/rubiores/Documents/PAE/build/robot_nav/install.log --single-version-externally-managed install_data --force
[7.371s] running egg_info
[7.374s] writing ../../build/robot_nav/robot_nav.egg-info/PKG-INFO
[7.375s] writing dependency_links to ../../build/robot_nav/robot_nav.egg-info/dependency_links.txt
[7.376s] writing entry points to ../../build/robot_nav/robot_nav.egg-info/entry_points.txt
[7.377s] writing requirements to ../../build/robot_nav/robot_nav.egg-info/requires.txt
[7.378s] writing top-level names to ../../build/robot_nav/robot_nav.egg-info/top_level.txt
[7.388s] reading manifest file '../../build/robot_nav/robot_nav.egg-info/SOURCES.txt'
[7.393s] writing manifest file '../../build/robot_nav/robot_nav.egg-info/SOURCES.txt'
[7.394s] running build
[7.394s] running build_py
[7.395s] creating /home/rubiores/Documents/PAE/build/robot_nav/build
[7.395s] creating /home/rubiores/Documents/PAE/build/robot_nav/build/lib
[7.396s] creating /home/rubiores/Documents/PAE/build/robot_nav/build/lib/robot_nav
[7.396s] copying robot_nav/teleop_keyboard.py -> /home/rubiores/Documents/PAE/build/robot_nav/build/lib/robot_nav
[7.397s] copying robot_nav/motor_controller.py -> /home/rubiores/Documents/PAE/build/robot_nav/build/lib/robot_nav
[7.397s] copying robot_nav/__init__.py -> /home/rubiores/Documents/PAE/build/robot_nav/build/lib/robot_nav
[7.398s] copying robot_nav/simple_nav.py -> /home/rubiores/Documents/PAE/build/robot_nav/build/lib/robot_nav
[7.399s] copying robot_nav/pico_bridge.py -> /home/rubiores/Documents/PAE/build/robot_nav/build/lib/robot_nav
[7.400s] running install
[7.401s] running install_lib
[7.405s] creating /home/rubiores/Documents/PAE/install/robot_nav/lib/python3.10/site-packages/robot_nav
[7.406s] copying /home/rubiores/Documents/PAE/build/robot_nav/build/lib/robot_nav/teleop_keyboard.py -> /home/rubiores/Documents/PAE/install/robot_nav/lib/python3.10/site-packages/robot_nav
[7.406s] copying /home/rubiores/Documents/PAE/build/robot_nav/build/lib/robot_nav/motor_controller.py -> /home/rubiores/Documents/PAE/install/robot_nav/lib/python3.10/site-packages/robot_nav
[7.407s] copying /home/rubiores/Documents/PAE/build/robot_nav/build/lib/robot_nav/__init__.py -> /home/rubiores/Documents/PAE/install/robot_nav/lib/python3.10/site-packages/robot_nav
[7.408s] copying /home/rubiores/Documents/PAE/build/robot_nav/build/lib/robot_nav/simple_nav.py -> /home/rubiores/Documents/PAE/install/robot_nav/lib/python3.10/site-packages/robot_nav
[7.409s] copying /home/rubiores/Documents/PAE/build/robot_nav/build/lib/robot_nav/pico_bridge.py -> /home/rubiores/Documents/PAE/install/robot_nav/lib/python3.10/site-packages/robot_nav
[7.412s] byte-compiling /home/rubiores/Documents/PAE/install/robot_nav/lib/python3.10/site-packages/robot_nav/teleop_keyboard.py to teleop_keyboard.cpython-310.pyc
[7.414s] byte-compiling /home/rubiores/Documents/PAE/install/robot_nav/lib/python3.10/site-packages/robot_nav/motor_controller.py to motor_controller.cpython-310.pyc
[7.417s] byte-compiling /home/rubiores/Documents/PAE/install/robot_nav/lib/python3.10/site-packages/robot_nav/__init__.py to __init__.cpython-310.pyc
[7.418s] byte-compiling /home/rubiores/Documents/PAE/install/robot_nav/lib/python3.10/site-packages/robot_nav/simple_nav.py to simple_nav.cpython-310.pyc
[7.421s] byte-compiling /home/rubiores/Documents/PAE/install/robot_nav/lib/python3.10/site-packages/robot_nav/pico_bridge.py to pico_bridge.cpython-310.pyc
[7.427s] running install_data
[7.427s] copying resource/robot_nav -> /home/rubiores/Documents/PAE/install/robot_nav/share/ament_index/resource_index/packages
[7.428s] copying package.xml -> /home/rubiores/Documents/PAE/install/robot_nav/share/robot_nav
[7.429s] copying launch/localization.launch.py -> /home/rubiores/Documents/PAE/install/robot_nav/share/robot_nav/launch
[7.430s] copying launch/slam.launch.py -> /home/rubiores/Documents/PAE/install/robot_nav/share/robot_nav/launch
[7.431s] copying launch/motor_controller.launch.py -> /home/rubiores/Documents/PAE/install/robot_nav/share/robot_nav/launch
[7.431s] copying launch/lidar.launch.py -> /home/rubiores/Documents/PAE/install/robot_nav/share/robot_nav/launch
[7.432s] copying launch/bringup.launch.py -> /home/rubiores/Documents/PAE/install/robot_nav/share/robot_nav/launch
[7.433s] copying launch/pico_bridge.launch.py -> /home/rubiores/Documents/PAE/install/robot_nav/share/robot_nav/launch
[7.434s] copying launch/description.launch.py -> /home/rubiores/Documents/PAE/install/robot_nav/share/robot_nav/launch
[7.435s] copying launch/navigation.launch.py -> /home/rubiores/Documents/PAE/install/robot_nav/share/robot_nav/launch
[7.436s] copying launch/teleop.launch.py -> /home/rubiores/Documents/PAE/install/robot_nav/share/robot_nav/launch
[7.437s] copying urdf/robot.urdf.xacro -> /home/rubiores/Documents/PAE/install/robot_nav/share/robot_nav/urdf
[7.438s] copying config/localization_params.yaml -> /home/rubiores/Documents/PAE/install/robot_nav/share/robot_nav/config
[7.440s] copying config/nav2_params.yaml -> /home/rubiores/Documents/PAE/install/robot_nav/share/robot_nav/config
[7.440s] copying config/mapper_params.yaml -> /home/rubiores/Documents/PAE/install/robot_nav/share/robot_nav/config
[7.442s] copying config/rviz_config.rviz -> /home/rubiores/Documents/PAE/install/robot_nav/share/robot_nav/config
[7.443s] copying config/robot_control.yaml -> /home/rubiores/Documents/PAE/install/robot_nav/share/robot_nav/config
[7.444s] running install_egg_info
[7.451s] Copying ../../build/robot_nav/robot_nav.egg-info to /home/rubiores/Documents/PAE/install/robot_nav/lib/python3.10/site-packages/robot_nav-0.0.0-py3.10.egg-info
[7.457s] running install_scripts
[7.547s] Installing lidar_node script to /home/rubiores/Documents/PAE/install/robot_nav/lib/robot_nav
[7.548s] Installing motor_controller script to /home/rubiores/Documents/PAE/install/robot_nav/lib/robot_nav
[7.549s] Installing pico_bridge script to /home/rubiores/Documents/PAE/install/robot_nav/lib/robot_nav
[7.550s] Installing pico_odom_node script to /home/rubiores/Documents/PAE/install/robot_nav/lib/robot_nav
[7.551s] Installing teleop_keyboard script to /home/rubiores/Documents/PAE/install/robot_nav/lib/robot_nav
[7.553s] writing list of installed files to '/home/rubiores/Documents/PAE/build/robot_nav/install.log'
[7.687s] Invoked command in '/home/rubiores/Documents/PAE/src/robot_nav' returned '0': PYTHONPATH=/home/rubiores/Documents/PAE/build/robot_nav/prefix_override:/usr/lib/python3/dist-packages/colcon_core/task/python/colcon_distutils_commands:/home/rubiores/Documents/PAE/install/robot_nav/lib/python3.10/site-packages:${PYTHONPATH} /usr/bin/python3 -W ignore:setup.py install is deprecated -W ignore:easy_install command is deprecated setup.py egg_info --egg-base ../../build/robot_nav build --build-base /home/rubiores/Documents/PAE/build/robot_nav/build install --record /home/rubiores/Documents/PAE/build/robot_nav/install.log --single-version-externally-managed install_data --force
