[0.483s] DEBUG:colcon:Command line arguments: ['/usr/bin/colcon', 'build', '--packages-select', 'robot_nav', '--symlink-install']
[0.484s] DEBUG:colcon:Parsed command line arguments: Namespace(log_base=None, log_level=None, verb_name='build', build_base='build', install_base='install', merge_install=False, symlink_install=True, test_result_base=None, continue_on_error=False, executor='parallel', parallel_workers=4, event_handlers=None, ignore_user_meta=False, metas=['./colcon.meta'], base_paths=['.'], packages_ignore=None, packages_ignore_regex=None, paths=None, packages_up_to=None, packages_up_to_regex=None, packages_above=None, packages_above_and_dependencies=None, packages_above_depth=None, packages_select_by_dep=None, packages_skip_by_dep=None, packages_skip_up_to=None, packages_select_build_failed=False, packages_skip_build_finished=False, packages_select_test_failures=False, packages_skip_test_passed=False, packages_select=['robot_nav'], packages_skip=None, packages_select_regex=None, packages_skip_regex=None, packages_start=None, packages_end=None, allow_overriding=[], cmake_args=None, cmake_target=None, cmake_target_skip_unavailable=False, cmake_clean_cache=False, cmake_clean_first=False, cmake_force_configure=False, ament_cmake_args=None, catkin_cmake_args=None, catkin_skip_building_tests=False, mixin_files=None, mixin=None, verb_parser=<colcon_mixin.mixin.mixin_argument.MixinArgumentDecorator object at 0xffffad736650>, verb_extension=<colcon_core.verb.build.BuildVerb object at 0xffffad8e3550>, main=<bound method BuildVerb.main of <colcon_core.verb.build.BuildVerb object at 0xffffad8e3550>>, mixin_verb=('build',))
[1.626s] Level 1:colcon.colcon_core.package_discovery:discover_packages(colcon_meta) check parameters
[1.627s] Level 1:colcon.colcon_core.package_discovery:discover_packages(recursive) check parameters
[1.627s] Level 1:colcon.colcon_core.package_discovery:discover_packages(ignore) check parameters
[1.627s] Level 1:colcon.colcon_core.package_discovery:discover_packages(path) check parameters
[1.627s] Level 1:colcon.colcon_core.package_discovery:discover_packages(colcon_meta) discover
[1.628s] Level 1:colcon.colcon_core.package_discovery:discover_packages(recursive) discover
[1.628s] INFO:colcon.colcon_core.package_discovery:Crawling recursively for packages in '/home/rubiores/Documents/PAE'
[1.629s] Level 1:colcon.colcon_core.package_identification:_identify(.) by extensions ['ignore', 'ignore_ament_install']
[1.629s] Level 1:colcon.colcon_core.package_identification:_identify(.) by extension 'ignore'
[1.629s] Level 1:colcon.colcon_core.package_identification:_identify(.) by extension 'ignore_ament_install'
[1.629s] Level 1:colcon.colcon_core.package_identification:_identify(.) by extensions ['colcon_pkg']
[1.629s] Level 1:colcon.colcon_core.package_identification:_identify(.) by extension 'colcon_pkg'
[1.630s] Level 1:colcon.colcon_core.package_identification:_identify(.) by extensions ['colcon_meta']
[1.630s] Level 1:colcon.colcon_core.package_identification:_identify(.) by extension 'colcon_meta'
[1.630s] Level 1:colcon.colcon_core.package_identification:_identify(.) by extensions ['ros']
[1.630s] Level 1:colcon.colcon_core.package_identification:_identify(.) by extension 'ros'
[1.709s] Level 1:colcon.colcon_core.package_identification:_identify(.) by extensions ['cmake', 'python']
[1.709s] Level 1:colcon.colcon_core.package_identification:_identify(.) by extension 'cmake'
[1.709s] Level 1:colcon.colcon_core.package_identification:_identify(.) by extension 'python'
[1.709s] Level 1:colcon.colcon_core.package_identification:_identify(.) by extensions ['python_setup_py']
[1.709s] Level 1:colcon.colcon_core.package_identification:_identify(.) by extension 'python_setup_py'
[1.710s] Level 1:colcon.colcon_core.package_identification:_identify(build) by extensions ['ignore', 'ignore_ament_install']
[1.710s] Level 1:colcon.colcon_core.package_identification:_identify(build) by extension 'ignore'
[1.710s] Level 1:colcon.colcon_core.package_identification:_identify(build) ignored
[1.711s] Level 1:colcon.colcon_core.package_identification:_identify(install) by extensions ['ignore', 'ignore_ament_install']
[1.711s] Level 1:colcon.colcon_core.package_identification:_identify(install) by extension 'ignore'
[1.712s] Level 1:colcon.colcon_core.package_identification:_identify(install) ignored
[1.712s] Level 1:colcon.colcon_core.package_identification:_identify(log) by extensions ['ignore', 'ignore_ament_install']
[1.713s] Level 1:colcon.colcon_core.package_identification:_identify(log) by extension 'ignore'
[1.713s] Level 1:colcon.colcon_core.package_identification:_identify(log) ignored
[1.713s] Level 1:colcon.colcon_core.package_identification:_identify(src) by extensions ['ignore', 'ignore_ament_install']
[1.713s] Level 1:colcon.colcon_core.package_identification:_identify(src) by extension 'ignore'
[1.714s] Level 1:colcon.colcon_core.package_identification:_identify(src) by extension 'ignore_ament_install'
[1.714s] Level 1:colcon.colcon_core.package_identification:_identify(src) by extensions ['colcon_pkg']
[1.714s] Level 1:colcon.colcon_core.package_identification:_identify(src) by extension 'colcon_pkg'
[1.714s] Level 1:colcon.colcon_core.package_identification:_identify(src) by extensions ['colcon_meta']
[1.714s] Level 1:colcon.colcon_core.package_identification:_identify(src) by extension 'colcon_meta'
[1.714s] Level 1:colcon.colcon_core.package_identification:_identify(src) by extensions ['ros']
[1.715s] Level 1:colcon.colcon_core.package_identification:_identify(src) by extension 'ros'
[1.715s] Level 1:colcon.colcon_core.package_identification:_identify(src) by extensions ['cmake', 'python']
[1.715s] Level 1:colcon.colcon_core.package_identification:_identify(src) by extension 'cmake'
[1.715s] Level 1:colcon.colcon_core.package_identification:_identify(src) by extension 'python'
[1.715s] Level 1:colcon.colcon_core.package_identification:_identify(src) by extensions ['python_setup_py']
[1.715s] Level 1:colcon.colcon_core.package_identification:_identify(src) by extension 'python_setup_py'
[1.716s] Level 1:colcon.colcon_core.package_identification:_identify(src/joint_state_publisher) by extensions ['ignore', 'ignore_ament_install']
[1.716s] Level 1:colcon.colcon_core.package_identification:_identify(src/joint_state_publisher) by extension 'ignore'
[1.716s] Level 1:colcon.colcon_core.package_identification:_identify(src/joint_state_publisher) by extension 'ignore_ament_install'
[1.717s] Level 1:colcon.colcon_core.package_identification:_identify(src/joint_state_publisher) by extensions ['colcon_pkg']
[1.717s] Level 1:colcon.colcon_core.package_identification:_identify(src/joint_state_publisher) by extension 'colcon_pkg'
[1.717s] Level 1:colcon.colcon_core.package_identification:_identify(src/joint_state_publisher) by extensions ['colcon_meta']
[1.717s] Level 1:colcon.colcon_core.package_identification:_identify(src/joint_state_publisher) by extension 'colcon_meta'
[1.717s] Level 1:colcon.colcon_core.package_identification:_identify(src/joint_state_publisher) by extensions ['ros']
[1.717s] Level 1:colcon.colcon_core.package_identification:_identify(src/joint_state_publisher) by extension 'ros'
[1.718s] Level 1:colcon.colcon_core.package_identification:_identify(src/joint_state_publisher) by extensions ['cmake', 'python']
[1.718s] Level 1:colcon.colcon_core.package_identification:_identify(src/joint_state_publisher) by extension 'cmake'
[1.718s] Level 1:colcon.colcon_core.package_identification:_identify(src/joint_state_publisher) by extension 'python'
[1.718s] Level 1:colcon.colcon_core.package_identification:_identify(src/joint_state_publisher) by extensions ['python_setup_py']
[1.718s] Level 1:colcon.colcon_core.package_identification:_identify(src/joint_state_publisher) by extension 'python_setup_py'
[1.719s] Level 1:colcon.colcon_core.package_identification:_identify(src/joint_state_publisher/joint_state_publisher) by extensions ['ignore', 'ignore_ament_install']
[1.719s] Level 1:colcon.colcon_core.package_identification:_identify(src/joint_state_publisher/joint_state_publisher) by extension 'ignore'
[1.719s] Level 1:colcon.colcon_core.package_identification:_identify(src/joint_state_publisher/joint_state_publisher) by extension 'ignore_ament_install'
[1.720s] Level 1:colcon.colcon_core.package_identification:_identify(src/joint_state_publisher/joint_state_publisher) by extensions ['colcon_pkg']
[1.720s] Level 1:colcon.colcon_core.package_identification:_identify(src/joint_state_publisher/joint_state_publisher) by extension 'colcon_pkg'
[1.720s] Level 1:colcon.colcon_core.package_identification:_identify(src/joint_state_publisher/joint_state_publisher) by extensions ['colcon_meta']
[1.720s] Level 1:colcon.colcon_core.package_identification:_identify(src/joint_state_publisher/joint_state_publisher) by extension 'colcon_meta'
[1.720s] Level 1:colcon.colcon_core.package_identification:_identify(src/joint_state_publisher/joint_state_publisher) by extensions ['ros']
[1.720s] Level 1:colcon.colcon_core.package_identification:_identify(src/joint_state_publisher/joint_state_publisher) by extension 'ros'
[1.730s] DEBUG:colcon.colcon_core.package_identification:Package 'src/joint_state_publisher/joint_state_publisher' with type 'ros.ament_python' and name 'joint_state_publisher'
[1.731s] Level 1:colcon.colcon_core.package_identification:_identify(src/joint_state_publisher/joint_state_publisher_gui) by extensions ['ignore', 'ignore_ament_install']
[1.731s] Level 1:colcon.colcon_core.package_identification:_identify(src/joint_state_publisher/joint_state_publisher_gui) by extension 'ignore'
[1.731s] Level 1:colcon.colcon_core.package_identification:_identify(src/joint_state_publisher/joint_state_publisher_gui) by extension 'ignore_ament_install'
[1.731s] Level 1:colcon.colcon_core.package_identification:_identify(src/joint_state_publisher/joint_state_publisher_gui) by extensions ['colcon_pkg']
[1.732s] Level 1:colcon.colcon_core.package_identification:_identify(src/joint_state_publisher/joint_state_publisher_gui) by extension 'colcon_pkg'
[1.732s] Level 1:colcon.colcon_core.package_identification:_identify(src/joint_state_publisher/joint_state_publisher_gui) by extensions ['colcon_meta']
[1.732s] Level 1:colcon.colcon_core.package_identification:_identify(src/joint_state_publisher/joint_state_publisher_gui) by extension 'colcon_meta'
[1.732s] Level 1:colcon.colcon_core.package_identification:_identify(src/joint_state_publisher/joint_state_publisher_gui) by extensions ['ros']
[1.732s] Level 1:colcon.colcon_core.package_identification:_identify(src/joint_state_publisher/joint_state_publisher_gui) by extension 'ros'
[1.735s] DEBUG:colcon.colcon_core.package_identification:Package 'src/joint_state_publisher/joint_state_publisher_gui' with type 'ros.ament_python' and name 'joint_state_publisher_gui'
[1.735s] Level 1:colcon.colcon_core.package_identification:_identify(src/my_robot) by extensions ['ignore', 'ignore_ament_install']
[1.736s] Level 1:colcon.colcon_core.package_identification:_identify(src/my_robot) by extension 'ignore'
[1.736s] Level 1:colcon.colcon_core.package_identification:_identify(src/my_robot) by extension 'ignore_ament_install'
[1.736s] Level 1:colcon.colcon_core.package_identification:_identify(src/my_robot) by extensions ['colcon_pkg']
[1.736s] Level 1:colcon.colcon_core.package_identification:_identify(src/my_robot) by extension 'colcon_pkg'
[1.736s] Level 1:colcon.colcon_core.package_identification:_identify(src/my_robot) by extensions ['colcon_meta']
[1.737s] Level 1:colcon.colcon_core.package_identification:_identify(src/my_robot) by extension 'colcon_meta'
[1.737s] Level 1:colcon.colcon_core.package_identification:_identify(src/my_robot) by extensions ['ros']
[1.737s] Level 1:colcon.colcon_core.package_identification:_identify(src/my_robot) by extension 'ros'
[1.739s] DEBUG:colcon.colcon_core.package_identification:Package 'src/my_robot' with type 'ros.ament_python' and name 'my_robot'
[1.739s] Level 1:colcon.colcon_core.package_identification:_identify(src/pico_odom) by extensions ['ignore', 'ignore_ament_install']
[1.740s] Level 1:colcon.colcon_core.package_identification:_identify(src/pico_odom) by extension 'ignore'
[1.740s] Level 1:colcon.colcon_core.package_identification:_identify(src/pico_odom) by extension 'ignore_ament_install'
[1.740s] Level 1:colcon.colcon_core.package_identification:_identify(src/pico_odom) by extensions ['colcon_pkg']
[1.740s] Level 1:colcon.colcon_core.package_identification:_identify(src/pico_odom) by extension 'colcon_pkg'
[1.741s] Level 1:colcon.colcon_core.package_identification:_identify(src/pico_odom) by extensions ['colcon_meta']
[1.741s] Level 1:colcon.colcon_core.package_identification:_identify(src/pico_odom) by extension 'colcon_meta'
[1.741s] Level 1:colcon.colcon_core.package_identification:_identify(src/pico_odom) by extensions ['ros']
[1.741s] Level 1:colcon.colcon_core.package_identification:_identify(src/pico_odom) by extension 'ros'
[1.743s] DEBUG:colcon.colcon_core.package_identification:Package 'src/pico_odom' with type 'ros.ament_python' and name 'pico_odom'
[1.744s] Level 1:colcon.colcon_core.package_identification:_identify(src/robot_nav) by extensions ['ignore', 'ignore_ament_install']
[1.744s] Level 1:colcon.colcon_core.package_identification:_identify(src/robot_nav) by extension 'ignore'
[1.744s] Level 1:colcon.colcon_core.package_identification:_identify(src/robot_nav) by extension 'ignore_ament_install'
[1.745s] Level 1:colcon.colcon_core.package_identification:_identify(src/robot_nav) by extensions ['colcon_pkg']
[1.745s] Level 1:colcon.colcon_core.package_identification:_identify(src/robot_nav) by extension 'colcon_pkg'
[1.745s] Level 1:colcon.colcon_core.package_identification:_identify(src/robot_nav) by extensions ['colcon_meta']
[1.745s] Level 1:colcon.colcon_core.package_identification:_identify(src/robot_nav) by extension 'colcon_meta'
[1.745s] Level 1:colcon.colcon_core.package_identification:_identify(src/robot_nav) by extensions ['ros']
[1.745s] Level 1:colcon.colcon_core.package_identification:_identify(src/robot_nav) by extension 'ros'
[1.747s] DEBUG:colcon.colcon_core.package_identification:Package 'src/robot_nav' with type 'ros.ament_python' and name 'robot_nav'
[1.748s] Level 1:colcon.colcon_core.package_discovery:discover_packages(recursive) using defaults
[1.748s] Level 1:colcon.colcon_core.package_discovery:discover_packages(ignore) discover
[1.748s] Level 1:colcon.colcon_core.package_discovery:discover_packages(ignore) using defaults
[1.748s] Level 1:colcon.colcon_core.package_discovery:discover_packages(path) discover
[1.748s] Level 1:colcon.colcon_core.package_discovery:discover_packages(path) using defaults
[1.833s] INFO:colcon.colcon_core.package_selection:Skipping not selected package 'joint_state_publisher' in 'src/joint_state_publisher/joint_state_publisher'
[1.833s] INFO:colcon.colcon_core.package_selection:Skipping not selected package 'my_robot' in 'src/my_robot'
[1.834s] INFO:colcon.colcon_core.package_selection:Skipping not selected package 'pico_odom' in 'src/pico_odom'
[1.834s] INFO:colcon.colcon_core.package_selection:Skipping not selected package 'joint_state_publisher_gui' in 'src/joint_state_publisher/joint_state_publisher_gui'
[1.835s] Level 1:colcon.colcon_core.package_discovery:discover_packages(prefix_path) check parameters
[1.836s] Level 1:colcon.colcon_core.package_discovery:discover_packages(prefix_path) discover
[1.843s] DEBUG:colcon.colcon_installed_package_information.package_discovery:Found 1 installed packages in /home/rubiores/Documents/PAE/install
[1.854s] DEBUG:colcon.colcon_installed_package_information.package_discovery:Found 344 installed packages in /opt/ros/humble
[1.862s] Level 1:colcon.colcon_core.package_discovery:discover_packages(prefix_path) using defaults
[2.059s] Level 5:colcon.colcon_core.verb:set package 'robot_nav' build argument 'cmake_args' from command line to 'None'
[2.059s] Level 5:colcon.colcon_core.verb:set package 'robot_nav' build argument 'cmake_target' from command line to 'None'
[2.059s] Level 5:colcon.colcon_core.verb:set package 'robot_nav' build argument 'cmake_target_skip_unavailable' from command line to 'False'
[2.059s] Level 5:colcon.colcon_core.verb:set package 'robot_nav' build argument 'cmake_clean_cache' from command line to 'False'
[2.060s] Level 5:colcon.colcon_core.verb:set package 'robot_nav' build argument 'cmake_clean_first' from command line to 'False'
[2.060s] Level 5:colcon.colcon_core.verb:set package 'robot_nav' build argument 'cmake_force_configure' from command line to 'False'
[2.060s] Level 5:colcon.colcon_core.verb:set package 'robot_nav' build argument 'ament_cmake_args' from command line to 'None'
[2.060s] Level 5:colcon.colcon_core.verb:set package 'robot_nav' build argument 'catkin_cmake_args' from command line to 'None'
[2.060s] Level 5:colcon.colcon_core.verb:set package 'robot_nav' build argument 'catkin_skip_building_tests' from command line to 'False'
[2.060s] DEBUG:colcon.colcon_core.verb:Building package 'robot_nav' with the following arguments: {'ament_cmake_args': None, 'build_base': '/home/rubiores/Documents/PAE/build/robot_nav', 'catkin_cmake_args': None, 'catkin_skip_building_tests': False, 'cmake_args': None, 'cmake_clean_cache': False, 'cmake_clean_first': False, 'cmake_force_configure': False, 'cmake_target': None, 'cmake_target_skip_unavailable': False, 'install_base': '/home/rubiores/Documents/PAE/install/robot_nav', 'merge_install': False, 'path': '/home/rubiores/Documents/PAE/src/robot_nav', 'symlink_install': True, 'test_result_base': None}
[2.061s] INFO:colcon.colcon_core.executor:Executing jobs using 'parallel' executor
[2.064s] DEBUG:colcon.colcon_parallel_executor.executor.parallel:run_until_complete
[2.065s] INFO:colcon.colcon_ros.task.ament_python.build:Building ROS package in '/home/rubiores/Documents/PAE/src/robot_nav' with build type 'ament_python'
[2.065s] Level 1:colcon.colcon_core.shell:create_environment_hook('robot_nav', 'ament_prefix_path')
[2.074s] INFO:colcon.colcon_core.plugin_system:Skipping extension 'colcon_core.shell.bat': Not used on non-Windows systems
[2.075s] INFO:colcon.colcon_core.shell:Creating environment hook '/home/rubiores/Documents/PAE/install/robot_nav/share/robot_nav/hook/ament_prefix_path.ps1'
[2.078s] INFO:colcon.colcon_core.shell:Creating environment descriptor '/home/rubiores/Documents/PAE/install/robot_nav/share/robot_nav/hook/ament_prefix_path.dsv'
[2.080s] INFO:colcon.colcon_core.shell:Creating environment hook '/home/rubiores/Documents/PAE/install/robot_nav/share/robot_nav/hook/ament_prefix_path.sh'
[2.084s] INFO:colcon.colcon_core.shell:Skip shell extension 'powershell' for command environment: Not usable outside of PowerShell
[2.084s] DEBUG:colcon.colcon_core.shell:Skip shell extension 'dsv' for command environment
[3.549s] INFO:colcon.colcon_core.task.python.build:Building Python package in '/home/rubiores/Documents/PAE/src/robot_nav'
[3.550s] INFO:colcon.colcon_core.shell:Skip shell extension 'powershell' for command environment: Not usable outside of PowerShell
[3.550s] DEBUG:colcon.colcon_core.shell:Skip shell extension 'dsv' for command environment
[5.429s] DEBUG:colcon.colcon_core.task.python.build:While undoing a previous installation files outside the Python library path are being ignored: /home/rubiores/Documents/PAE/install/robot_nav/share/ament_index/resource_index/packages/robot_nav
[5.430s] DEBUG:colcon.colcon_core.task.python.build:While undoing a previous installation files outside the Python library path are being ignored: /home/rubiores/Documents/PAE/install/robot_nav/share/robot_nav/package.xml
[5.430s] DEBUG:colcon.colcon_core.task.python.build:While undoing a previous installation files outside the Python library path are being ignored: /home/rubiores/Documents/PAE/install/robot_nav/share/robot_nav/launch/localization.launch.py
[5.430s] DEBUG:colcon.colcon_core.task.python.build:While undoing a previous installation files outside the Python library path are being ignored: /home/rubiores/Documents/PAE/install/robot_nav/share/robot_nav/launch/slam.launch.py
[5.430s] DEBUG:colcon.colcon_core.task.python.build:While undoing a previous installation files outside the Python library path are being ignored: /home/rubiores/Documents/PAE/install/robot_nav/share/robot_nav/launch/motor_controller.launch.py
[5.431s] DEBUG:colcon.colcon_core.task.python.build:While undoing a previous installation files outside the Python library path are being ignored: /home/rubiores/Documents/PAE/install/robot_nav/share/robot_nav/launch/lidar.launch.py
[5.431s] DEBUG:colcon.colcon_core.task.python.build:While undoing a previous installation files outside the Python library path are being ignored: /home/rubiores/Documents/PAE/install/robot_nav/share/robot_nav/launch/bringup.launch.py
[5.431s] DEBUG:colcon.colcon_core.task.python.build:While undoing a previous installation files outside the Python library path are being ignored: /home/rubiores/Documents/PAE/install/robot_nav/share/robot_nav/launch/pico_bridge.launch.py
[5.431s] DEBUG:colcon.colcon_core.task.python.build:While undoing a previous installation files outside the Python library path are being ignored: /home/rubiores/Documents/PAE/install/robot_nav/share/robot_nav/launch/description.launch.py
[5.431s] DEBUG:colcon.colcon_core.task.python.build:While undoing a previous installation files outside the Python library path are being ignored: /home/rubiores/Documents/PAE/install/robot_nav/share/robot_nav/launch/navigation.launch.py
[5.432s] DEBUG:colcon.colcon_core.task.python.build:While undoing a previous installation files outside the Python library path are being ignored: /home/rubiores/Documents/PAE/install/robot_nav/share/robot_nav/launch/teleop.launch.py
[5.432s] DEBUG:colcon.colcon_core.task.python.build:While undoing a previous installation files outside the Python library path are being ignored: /home/rubiores/Documents/PAE/install/robot_nav/share/robot_nav/urdf/robot.urdf.xacro
[5.432s] DEBUG:colcon.colcon_core.task.python.build:While undoing a previous installation files outside the Python library path are being ignored: /home/rubiores/Documents/PAE/install/robot_nav/share/robot_nav/config/localization_params.yaml
[5.432s] DEBUG:colcon.colcon_core.task.python.build:While undoing a previous installation files outside the Python library path are being ignored: /home/rubiores/Documents/PAE/install/robot_nav/share/robot_nav/config/nav2_params.yaml
[5.433s] DEBUG:colcon.colcon_core.task.python.build:While undoing a previous installation files outside the Python library path are being ignored: /home/rubiores/Documents/PAE/install/robot_nav/share/robot_nav/config/mapper_params.yaml
[5.433s] DEBUG:colcon.colcon_core.task.python.build:While undoing a previous installation files outside the Python library path are being ignored: /home/rubiores/Documents/PAE/install/robot_nav/share/robot_nav/config/rviz_config.rviz
[5.433s] DEBUG:colcon.colcon_core.task.python.build:While undoing a previous installation files outside the Python library path are being ignored: /home/rubiores/Documents/PAE/install/robot_nav/share/robot_nav/config/robot_control.yaml
[5.435s] DEBUG:colcon.colcon_core.task.python.build:While undoing a previous installation files outside the Python library path are being ignored: /home/rubiores/Documents/PAE/install/robot_nav/lib/robot_nav/lidar_node
[5.435s] DEBUG:colcon.colcon_core.task.python.build:While undoing a previous installation files outside the Python library path are being ignored: /home/rubiores/Documents/PAE/install/robot_nav/lib/robot_nav/motor_controller
[5.436s] DEBUG:colcon.colcon_core.task.python.build:While undoing a previous installation files outside the Python library path are being ignored: /home/rubiores/Documents/PAE/install/robot_nav/lib/robot_nav/pico_bridge
[5.436s] DEBUG:colcon.colcon_core.task.python.build:While undoing a previous installation files outside the Python library path are being ignored: /home/rubiores/Documents/PAE/install/robot_nav/lib/robot_nav/pico_odom_node
[5.436s] DEBUG:colcon.colcon_core.task.python.build:While undoing a previous installation files outside the Python library path are being ignored: /home/rubiores/Documents/PAE/install/robot_nav/lib/robot_nav/teleop_keyboard
[5.447s] DEBUG:colcon.colcon_core.event_handler.log_command:Invoking command in '/home/rubiores/Documents/PAE/build/robot_nav': PYTHONPATH=/home/rubiores/Documents/PAE/build/robot_nav/prefix_override:/usr/lib/python3/dist-packages/colcon_core/task/python/colcon_distutils_commands:/home/rubiores/Documents/PAE/install/robot_nav/lib/python3.10/site-packages:${PYTHONPATH} /usr/bin/python3 -W ignore:setup.py install is deprecated -W ignore:easy_install command is deprecated setup.py develop --editable --build-directory /home/rubiores/Documents/PAE/build/robot_nav/build --no-deps symlink_data --force
[8.201s] Level 1:colcon.colcon_core.shell:create_environment_hook('robot_nav', 'pythonpath_develop')
[8.203s] INFO:colcon.colcon_core.shell:Creating environment hook '/home/rubiores/Documents/PAE/build/robot_nav/share/robot_nav/hook/pythonpath_develop.ps1'
[8.205s] DEBUG:colcon.colcon_core.event_handler.log_command:Invoked command in '/home/rubiores/Documents/PAE/build/robot_nav' returned '0': PYTHONPATH=/home/rubiores/Documents/PAE/build/robot_nav/prefix_override:/usr/lib/python3/dist-packages/colcon_core/task/python/colcon_distutils_commands:/home/rubiores/Documents/PAE/install/robot_nav/lib/python3.10/site-packages:${PYTHONPATH} /usr/bin/python3 -W ignore:setup.py install is deprecated -W ignore:easy_install command is deprecated setup.py develop --editable --build-directory /home/rubiores/Documents/PAE/build/robot_nav/build --no-deps symlink_data --force
[8.209s] INFO:colcon.colcon_core.shell:Creating environment descriptor '/home/rubiores/Documents/PAE/build/robot_nav/share/robot_nav/hook/pythonpath_develop.dsv'
[8.213s] INFO:colcon.colcon_core.shell:Creating environment hook '/home/rubiores/Documents/PAE/build/robot_nav/share/robot_nav/hook/pythonpath_develop.sh'
[8.228s] Level 1:colcon.colcon_core.environment:checking '/home/rubiores/Documents/PAE/install/robot_nav' for CMake module files
[8.231s] Level 1:colcon.colcon_core.environment:checking '/home/rubiores/Documents/PAE/install/robot_nav' for CMake config files
[8.236s] Level 1:colcon.colcon_core.environment:checking '/home/rubiores/Documents/PAE/install/robot_nav/lib'
[8.237s] Level 1:colcon.colcon_core.environment:checking '/home/rubiores/Documents/PAE/install/robot_nav/bin'
[8.238s] Level 1:colcon.colcon_core.environment:checking '/home/rubiores/Documents/PAE/install/robot_nav/lib/pkgconfig/robot_nav.pc'
[8.239s] Level 1:colcon.colcon_core.environment:checking '/home/rubiores/Documents/PAE/install/robot_nav/lib/python3.10/site-packages'
[8.239s] Level 1:colcon.colcon_core.shell:create_environment_hook('robot_nav', 'pythonpath')
[8.240s] INFO:colcon.colcon_core.shell:Creating environment hook '/home/rubiores/Documents/PAE/install/robot_nav/share/robot_nav/hook/pythonpath.ps1'
[8.243s] INFO:colcon.colcon_core.shell:Creating environment descriptor '/home/rubiores/Documents/PAE/install/robot_nav/share/robot_nav/hook/pythonpath.dsv'
[8.245s] INFO:colcon.colcon_core.shell:Creating environment hook '/home/rubiores/Documents/PAE/install/robot_nav/share/robot_nav/hook/pythonpath.sh'
[8.249s] Level 1:colcon.colcon_core.environment:checking '/home/rubiores/Documents/PAE/install/robot_nav/bin'
[8.249s] Level 1:colcon.colcon_core.environment:create_environment_scripts_only(robot_nav)
[8.251s] INFO:colcon.colcon_core.shell:Creating package script '/home/rubiores/Documents/PAE/install/robot_nav/share/robot_nav/package.ps1'
[8.255s] INFO:colcon.colcon_core.shell:Creating package descriptor '/home/rubiores/Documents/PAE/install/robot_nav/share/robot_nav/package.dsv'
[8.259s] INFO:colcon.colcon_core.shell:Creating package script '/home/rubiores/Documents/PAE/install/robot_nav/share/robot_nav/package.sh'
[8.263s] INFO:colcon.colcon_core.shell:Creating package script '/home/rubiores/Documents/PAE/install/robot_nav/share/robot_nav/package.bash'
[8.267s] INFO:colcon.colcon_core.shell:Creating package script '/home/rubiores/Documents/PAE/install/robot_nav/share/robot_nav/package.zsh'
[8.271s] Level 1:colcon.colcon_core.environment:create_file_with_runtime_dependencies(/home/rubiores/Documents/PAE/install/robot_nav/share/colcon-core/packages/robot_nav)
[8.273s] DEBUG:colcon.colcon_parallel_executor.executor.parallel:closing loop
[8.274s] DEBUG:colcon.colcon_parallel_executor.executor.parallel:loop closed
[8.274s] DEBUG:colcon.colcon_parallel_executor.executor.parallel:run_until_complete finished with '0'
[8.275s] DEBUG:colcon.colcon_core.event_reactor:joining thread
[8.300s] INFO:colcon.colcon_core.plugin_system:Skipping extension 'colcon_notification.desktop_notification.terminal_notifier': Not used on non-Darwin systems
[8.300s] INFO:colcon.colcon_core.plugin_system:Skipping extension 'colcon_notification.desktop_notification.win32': Not used on non-Windows systems
[8.301s] INFO:colcon.colcon_notification.desktop_notification:Sending desktop notification using 'notify2'
[8.341s] DEBUG:colcon.colcon_core.event_reactor:joined thread
[8.342s] INFO:colcon.colcon_core.shell:Creating prefix script '/home/rubiores/Documents/PAE/install/local_setup.ps1'
[8.346s] INFO:colcon.colcon_core.shell:Creating prefix util module '/home/rubiores/Documents/PAE/install/_local_setup_util_ps1.py'
[8.353s] INFO:colcon.colcon_core.shell:Creating prefix chain script '/home/rubiores/Documents/PAE/install/setup.ps1'
[8.377s] INFO:colcon.colcon_core.shell:Creating prefix script '/home/rubiores/Documents/PAE/install/local_setup.sh'
[8.398s] INFO:colcon.colcon_core.shell:Creating prefix util module '/home/rubiores/Documents/PAE/install/_local_setup_util_sh.py'
[8.404s] INFO:colcon.colcon_core.shell:Creating prefix chain script '/home/rubiores/Documents/PAE/install/setup.sh'
[8.412s] INFO:colcon.colcon_core.shell:Creating prefix script '/home/rubiores/Documents/PAE/install/local_setup.bash'
[8.416s] INFO:colcon.colcon_core.shell:Creating prefix chain script '/home/rubiores/Documents/PAE/install/setup.bash'
[8.421s] INFO:colcon.colcon_core.shell:Creating prefix script '/home/rubiores/Documents/PAE/install/local_setup.zsh'
[8.425s] INFO:colcon.colcon_core.shell:Creating prefix chain script '/home/rubiores/Documents/PAE/install/setup.zsh'
